<html>
<head>
<title>TestNG:  Default test</title>
<link href="../testng.css" rel="stylesheet" type="text/css" />
<link href="../my-testng.css" rel="stylesheet" type="text/css" />

<style type="text/css">
.log { display: none;} 
.stack-trace { display: none;} 
</style>
<script type="text/javascript">
<!--
function flip(e) {
  current = e.style.display;
  if (current == 'block') {
    e.style.display = 'none';
    return 0;
  }
  else {
    e.style.display = 'block';
    return 1;
  }
}

function toggleBox(szDivId, elem, msg1, msg2)
{
  var res = -1;  if (document.getElementById) {
    res = flip(document.getElementById(szDivId));
  }
  else if (document.all) {
    // this is the way old msie versions work
    res = flip(document.all[szDivId]);
  }
  if(elem) {
    if(res == 0) elem.innerHTML = msg1; else elem.innerHTML = msg2;
  }

}

function toggleAllBoxes() {
  if (document.getElementsByTagName) {
    d = document.getElementsByTagName('div');
    for (i = 0; i < d.length; i++) {
      if (d[i].className == 'log') {
        flip(d[i]);
      }
    }
  }
}

// -->
</script>

</head>
<body>
<h2 align='center'>Default test</h2><table border='1' align="center">
<tr>
<td>Tests passed/Failed/Skipped:</td><td>0/0/4</td>
</tr><tr>
<td>Started on:</td><td>Thu Jan 20 00:21:33 EST 2022</td>
</tr>
<tr><td>Total time:</td><td>9 seconds (9699 ms)</td>
</tr><tr>
<td>Included groups:</td><td></td>
</tr><tr>
<td>Excluded groups:</td><td></td>
</tr>
</table><p/>
<small><i>(Hover the method name to see the test class name)</i></small><p/>
<table width='100%' border='1' class='invocation-failed'>
<tr><td colspan='4' align='center'><b>FAILED CONFIGURATIONS</b></td></tr>
<tr><td><b>Test method</b></td>
<td width="30%"><b>Exception</b></td>
<td width="10%"><b>Time (seconds)</b></td>
<td><b>Instance</b></td>
</tr>
<tr>
<td title='tests.LoginTest.beforeMethod()'><b>beforeMethod</b><br>Test class: tests.LoginTest</td>
<td><div><pre>org.openqa.selenium.WebDriverException: Reached error page: about:neterror?e=dnsNotFound&amp;u=https%3A//auth.scotiaonline.scotiabank.com/online%3Foauth_key%3De9WfVK8HUWM%26oauth_key_signature%3DeyJraWQiOiJrUFVqdlNhT25GWUVDakpjMmV1MXJvNGxnb2VFeXJJb2tCbU1oX3BiZXNVIiwidHlwIjoiSldUIiwiYWxnIjoiUlMyNTYifQ.eyJyZWZlcmVyIjoiaHR0cHM6XC9cL3d3dy5zY290aWFiYW5rLmNvbVwvIiwib2F1dGhfa2V5IjoiZTlXZlZLOEhVV00iLCJjb25zZW50X3JlcXVpcmVkIjpmYWxzZSwicmVkaXJlY3RfdXJpIjoiaHR0cHM6XC9cL3d3dy5zY290aWFvbmxpbmUuc2NvdGlhYmFuay5jb21cL29ubGluZVwvbGFuZGluZ1wvb2F1dGhsYW5kaW5nLmJucyIsImV4cCI6MTYzNjMyMzY4MSwiaWF0IjoxNjM2MzIyNDgxLCJqdGkiOiI0M2E5MTQ1ZC1jOGFkLTQ5YTctOTFjNS0zZTUxZTUwNWNlZDYiLCJjbGllbnRfaWQiOiI4ZWU5MGMzOS0xYzUyLTRmZjQtOGFlNi1hN2I1NGM1Mzk5MzMiLCJjbGllbnRfbWV0YWRhdGEiOnsiQ2hhbm5lbElEIjoiU09MIiwiQXBwbGljYXRpb25Db2RlIjoiSDcifSwiaXNzdWVyIjoiaHR0cHM6XC9cL3Bhc3Nwb3J0LnNjb3RpYWJhbmsuY29tIn0.EJ1xv5FS-bAY_R3nEIknaORrkGWF9FoadC82xeP0UxPao1MaxSG6b9sIhwERplc1cYvrgIIAshK41HMbxTWyqRU7lmcmFGzM7G9xaVK7RTRk_wWkWapSa0kXEiZdG3Oc_e-_HhxUbLyVeLnv5B_dDaJLgG1-7-ZlPsBEvRfv-81i4sAqPkPt136xzVfA1DPIP8T--JG8Kx5pxIiwtW2TUyZrEoFxH3fVmLm4VWFTuTEpX8WinRLksSsUi_7PXZUrG8I_o7JeM6e4PPBabb3fCfh-saSivYeDDNkZ-mPwu6ZO1MBU5QGKevCM4sCs2Vuwkr7eSGKe6a7c0SW7SZZFiw%26preferred_environment%3D&amp;c=UTF-8&amp;d=We%20can%E2%80%99t%20connect%20to%20the%20server%20at%20auth.scotiaonline.scotiabank.com.
Build info: version: &apos;3.141.59&apos;, revision: &apos;e82be7d358&apos;, time: &apos;2018-11-14T08:25:53&apos;
System info: host: &apos;DESKTOP-BKUHS3U&apos;, ip: &apos;127.0.0.1&apos;, os.name: &apos;Windows 10&apos;, os.arch: &apos;amd64&apos;, os.version: &apos;10.0&apos;, java.version: &apos;15.0.1&apos;
Driver info: org.openqa.selenium.firefox.FirefoxDriver
Capabilities {acceptInsecureCerts: true, browserName: firefox, browserVersion: 96.0.1, javascriptEnabled: true, moz:accessibilityChecks: false, moz:buildID: 20220113185450, moz:geckodriverVersion: 0.30.0, moz:headless: false, moz:processID: 20768, moz:profile: C:\Users\Mayra\AppData\Loca..., moz:shutdownTimeout: 60000, moz:useNonSpecCompliantPointerOrigin: false, moz:webdriverClick: true, pageLoadStrategy: normal, platform: WINDOWS, platformName: WINDOWS, platformVersion: 10.0, proxy: Proxy(), setWindowRect: true, strictFileInteractability: false, timeouts: {implicit: 0, pageLoad: 300000, script: 30000}, unhandledPromptBehavior: dismiss and notify}
Session ID: 84062899-e69a-497b-9721-e81231cdae12
	at java.base/jdk.internal.reflect.NativeConstructorAccessorImpl.newInstance0(Native Method)
	at java.base/jdk.internal.reflect.NativeConstructorAccessorImpl.newInstance(NativeConstructorAccessorImpl.java:64)
	at java.base/jdk.internal.reflect.DelegatingConstructorAccessorImpl.newInstance(DelegatingConstructorAccessorImpl.java:45)
	at java.base/java.lang.reflect.Constructor.newInstanceWithCaller(Constructor.java:500)
	at java.base/java.lang.reflect.Constructor.newInstance(Constructor.java:481)
	at org.openqa.selenium.remote.http.W3CHttpResponseCodec.createException(W3CHttpResponseCodec.java:187)
	at org.openqa.selenium.remote.http.W3CHttpResponseCodec.decode(W3CHttpResponseCodec.java:122)
	at org.openqa.selenium.remote.http.W3CHttpResponseCodec.decode(W3CHttpResponseCodec.java:49)
	at org.openqa.selenium.remote.HttpCommandExecutor.execute(HttpCommandExecutor.java:158)
	at org.openqa.selenium.remote.service.DriverCommandExecutor.execute(DriverCommandExecutor.java:83)
	at org.openqa.selenium.remote.RemoteWebDriver.execute(RemoteWebDriver.java:552)
	at org.openqa.selenium.remote.RemoteWebDriver.get(RemoteWebDriver.java:277)
	at pages.LoginPage.openLoginPage(LoginPage.java:62)
	at tests.LoginTest.beforeMethod(LoginTest.java:25)
	at java.base/jdk.internal.reflect.NativeMethodAccessorImpl.invoke0(Native Method)
	at java.base/jdk.internal.reflect.NativeMethodAccessorImpl.invoke(NativeMethodAccessorImpl.java:64)
	at java.base/jdk.internal.reflect.DelegatingMethodAccessorImpl.invoke(DelegatingMethodAccessorImpl.java:43)
	at java.base/java.lang.reflect.Method.invoke(Method.java:564)
	at org.testng.internal.MethodInvocationHelper.invokeMethod(MethodInvocationHelper.java:133)
	at org.testng.internal.MethodInvocationHelper.invokeMethodConsideringTimeout(MethodInvocationHelper.java:62)
	at org.testng.internal.ConfigInvoker.invokeConfigurationMethod(ConfigInvoker.java:385)
	at org.testng.internal.ConfigInvoker.invokeConfigurations(ConfigInvoker.java:321)
	at org.testng.internal.TestInvoker.runConfigMethods(TestInvoker.java:700)
	at org.testng.internal.TestInvoker.invokeMethod(TestInvoker.java:527)
	at org.testng.internal.TestInvoker.invokeTestMethod(TestInvoker.java:173)
	at org.testng.internal.MethodRunner.runInSequence(MethodRunner.java:46)
	at org.testng.internal.TestInvoker$MethodInvocationAgent.invoke(TestInvoker.java:824)
	at org.testng.internal.TestInvoker.invokeTestMethods(TestInvoker.java:146)
	at org.testng.internal.TestMethodWorker.invokeTestMethods(TestMethodWorker.java:146)
	at org.testng.internal.TestMethodWorker.run(TestMethodWorker.java:128)
	at java.base/java.util.ArrayList.forEach(ArrayList.java:1511)
	at org.testng.TestRunner.privateRun(TestRunner.java:794)
	at org.testng.TestRunner.run(TestRunner.java:596)
	at org.testng.SuiteRunner.runTest(SuiteRunner.java:377)
	at org.testng.SuiteRunner.runSequentially(SuiteRunner.java:371)
	at org.testng.SuiteRunner.privateRun(SuiteRunner.java:332)
	at org.testng.SuiteRunner.run(SuiteRunner.java:276)
	at org.testng.SuiteRunnerWorker.runSuite(SuiteRunnerWorker.java:53)
	at org.testng.SuiteRunnerWorker.run(SuiteRunnerWorker.java:96)
	at org.testng.TestNG.runSuitesSequentially(TestNG.java:1212)
	at org.testng.TestNG.runSuitesLocally(TestNG.java:1134)
	at org.testng.TestNG.runSuites(TestNG.java:1063)
	at org.testng.TestNG.run(TestNG.java:1031)
	at org.testng.remote.AbstractRemoteTestNG.run(AbstractRemoteTestNG.java:115)
	at org.testng.remote.RemoteTestNG.initAndRun(RemoteTestNG.java:251)
	at org.testng.remote.RemoteTestNG.main(RemoteTestNG.java:77)
</pre></div><a href='#' onClick='toggleBox("stack-trace1740826931", this, "Click to show all stack frames", "Click to hide stack frames")'>Click to show all stack frames</a>
<div class='stack-trace' id='stack-trace1740826931'><pre>org.openqa.selenium.WebDriverException: Reached error page: about:neterror?e=dnsNotFound&amp;u=https%3A//auth.scotiaonline.scotiabank.com/online%3Foauth_key%3De9WfVK8HUWM%26oauth_key_signature%3DeyJraWQiOiJrUFVqdlNhT25GWUVDakpjMmV1MXJvNGxnb2VFeXJJb2tCbU1oX3BiZXNVIiwidHlwIjoiSldUIiwiYWxnIjoiUlMyNTYifQ.eyJyZWZlcmVyIjoiaHR0cHM6XC9cL3d3dy5zY290aWFiYW5rLmNvbVwvIiwib2F1dGhfa2V5IjoiZTlXZlZLOEhVV00iLCJjb25zZW50X3JlcXVpcmVkIjpmYWxzZSwicmVkaXJlY3RfdXJpIjoiaHR0cHM6XC9cL3d3dy5zY290aWFvbmxpbmUuc2NvdGlhYmFuay5jb21cL29ubGluZVwvbGFuZGluZ1wvb2F1dGhsYW5kaW5nLmJucyIsImV4cCI6MTYzNjMyMzY4MSwiaWF0IjoxNjM2MzIyNDgxLCJqdGkiOiI0M2E5MTQ1ZC1jOGFkLTQ5YTctOTFjNS0zZTUxZTUwNWNlZDYiLCJjbGllbnRfaWQiOiI4ZWU5MGMzOS0xYzUyLTRmZjQtOGFlNi1hN2I1NGM1Mzk5MzMiLCJjbGllbnRfbWV0YWRhdGEiOnsiQ2hhbm5lbElEIjoiU09MIiwiQXBwbGljYXRpb25Db2RlIjoiSDcifSwiaXNzdWVyIjoiaHR0cHM6XC9cL3Bhc3Nwb3J0LnNjb3RpYWJhbmsuY29tIn0.EJ1xv5FS-bAY_R3nEIknaORrkGWF9FoadC82xeP0UxPao1MaxSG6b9sIhwERplc1cYvrgIIAshK41HMbxTWyqRU7lmcmFGzM7G9xaVK7RTRk_wWkWapSa0kXEiZdG3Oc_e-_HhxUbLyVeLnv5B_dDaJLgG1-7-ZlPsBEvRfv-81i4sAqPkPt136xzVfA1DPIP8T--JG8Kx5pxIiwtW2TUyZrEoFxH3fVmLm4VWFTuTEpX8WinRLksSsUi_7PXZUrG8I_o7JeM6e4PPBabb3fCfh-saSivYeDDNkZ-mPwu6ZO1MBU5QGKevCM4sCs2Vuwkr7eSGKe6a7c0SW7SZZFiw%26preferred_environment%3D&amp;c=UTF-8&amp;d=We%20can%E2%80%99t%20connect%20to%20the%20server%20at%20auth.scotiaonline.scotiabank.com.
Build info: version: &apos;3.141.59&apos;, revision: &apos;e82be7d358&apos;, time: &apos;2018-11-14T08:25:53&apos;
System info: host: &apos;DESKTOP-BKUHS3U&apos;, ip: &apos;127.0.0.1&apos;, os.name: &apos;Windows 10&apos;, os.arch: &apos;amd64&apos;, os.version: &apos;10.0&apos;, java.version: &apos;15.0.1&apos;
Driver info: org.openqa.selenium.firefox.FirefoxDriver
Capabilities {acceptInsecureCerts: true, browserName: firefox, browserVersion: 96.0.1, javascriptEnabled: true, moz:accessibilityChecks: false, moz:buildID: 20220113185450, moz:geckodriverVersion: 0.30.0, moz:headless: false, moz:processID: 20768, moz:profile: C:\Users\Mayra\AppData\Loca..., moz:shutdownTimeout: 60000, moz:useNonSpecCompliantPointerOrigin: false, moz:webdriverClick: true, pageLoadStrategy: normal, platform: WINDOWS, platformName: WINDOWS, platformVersion: 10.0, proxy: Proxy(), setWindowRect: true, strictFileInteractability: false, timeouts: {implicit: 0, pageLoad: 300000, script: 30000}, unhandledPromptBehavior: dismiss and notify}
Session ID: 84062899-e69a-497b-9721-e81231cdae12
	at java.base/jdk.internal.reflect.NativeConstructorAccessorImpl.newInstance0(Native Method)
	at java.base/jdk.internal.reflect.NativeConstructorAccessorImpl.newInstance(NativeConstructorAccessorImpl.java:64)
	at java.base/jdk.internal.reflect.DelegatingConstructorAccessorImpl.newInstance(DelegatingConstructorAccessorImpl.java:45)
	at java.base/java.lang.reflect.Constructor.newInstanceWithCaller(Constructor.java:500)
	at java.base/java.lang.reflect.Constructor.newInstance(Constructor.java:481)
	at org.openqa.selenium.remote.http.W3CHttpResponseCodec.createException(W3CHttpResponseCodec.java:187)
	at org.openqa.selenium.remote.http.W3CHttpResponseCodec.decode(W3CHttpResponseCodec.java:122)
	at org.openqa.selenium.remote.http.W3CHttpResponseCodec.decode(W3CHttpResponseCodec.java:49)
	at org.openqa.selenium.remote.HttpCommandExecutor.execute(HttpCommandExecutor.java:158)
	at org.openqa.selenium.remote.service.DriverCommandExecutor.execute(DriverCommandExecutor.java:83)
	at org.openqa.selenium.remote.RemoteWebDriver.execute(RemoteWebDriver.java:552)
	at org.openqa.selenium.remote.RemoteWebDriver.get(RemoteWebDriver.java:277)
	at pages.LoginPage.openLoginPage(LoginPage.java:62)
	at tests.LoginTest.beforeMethod(LoginTest.java:25)
	at java.base/jdk.internal.reflect.NativeMethodAccessorImpl.invoke0(Native Method)
	at java.base/jdk.internal.reflect.NativeMethodAccessorImpl.invoke(NativeMethodAccessorImpl.java:64)
	at java.base/jdk.internal.reflect.DelegatingMethodAccessorImpl.invoke(DelegatingMethodAccessorImpl.java:43)
	at java.base/java.lang.reflect.Method.invoke(Method.java:564)
	at org.testng.internal.MethodInvocationHelper.invokeMethod(MethodInvocationHelper.java:133)
	at org.testng.internal.MethodInvocationHelper.invokeMethodConsideringTimeout(MethodInvocationHelper.java:62)
	at org.testng.internal.ConfigInvoker.invokeConfigurationMethod(ConfigInvoker.java:385)
	at org.testng.internal.ConfigInvoker.invokeConfigurations(ConfigInvoker.java:321)
	at org.testng.internal.TestInvoker.runConfigMethods(TestInvoker.java:700)
	at org.testng.internal.TestInvoker.invokeMethod(TestInvoker.java:527)
	at org.testng.internal.TestInvoker.invokeTestMethod(TestInvoker.java:173)
	at org.testng.internal.MethodRunner.runInSequence(MethodRunner.java:46)
	at org.testng.internal.TestInvoker$MethodInvocationAgent.invoke(TestInvoker.java:824)
	at org.testng.internal.TestInvoker.invokeTestMethods(TestInvoker.java:146)
	at org.testng.internal.TestMethodWorker.invokeTestMethods(TestMethodWorker.java:146)
	at org.testng.internal.TestMethodWorker.run(TestMethodWorker.java:128)
	at java.base/java.util.ArrayList.forEach(ArrayList.java:1511)
	at org.testng.TestRunner.privateRun(TestRunner.java:794)
	at org.testng.TestRunner.run(TestRunner.java:596)
	at org.testng.SuiteRunner.runTest(SuiteRunner.java:377)
	at org.testng.SuiteRunner.runSequentially(SuiteRunner.java:371)
	at org.testng.SuiteRunner.privateRun(SuiteRunner.java:332)
	at org.testng.SuiteRunner.run(SuiteRunner.java:276)
	at org.testng.SuiteRunnerWorker.runSuite(SuiteRunnerWorker.java:53)
	at org.testng.SuiteRunnerWorker.run(SuiteRunnerWorker.java:96)
	at org.testng.TestNG.runSuitesSequentially(TestNG.java:1212)
	at org.testng.TestNG.runSuitesLocally(TestNG.java:1134)
	at org.testng.TestNG.runSuites(TestNG.java:1063)
	at org.testng.TestNG.run(TestNG.java:1031)
	at org.testng.remote.AbstractRemoteTestNG.run(AbstractRemoteTestNG.java:115)
	at org.testng.remote.RemoteTestNG.initAndRun(RemoteTestNG.java:251)
	at org.testng.remote.RemoteTestNG.main(RemoteTestNG.java:77)
</pre></div></td>
<td>9</td>
<td>tests.LoginTest@386f0da3</td></tr>
</table><p>
<table width='100%' border='1' class='invocation-skipped'>
<tr><td colspan='4' align='center'><b>SKIPPED CONFIGURATIONS</b></td></tr>
<tr><td><b>Test method</b></td>
<td width="30%"><b>Exception</b></td>
<td width="10%"><b>Time (seconds)</b></td>
<td><b>Instance</b></td>
</tr>
<tr>
<td title='tests.LoginTest.beforeMethod()'><b>beforeMethod</b><br>Test class: tests.LoginTest</td>
<td></td>
<td>-1642656103</td>
<td>tests.LoginTest@386f0da3</td></tr>
<tr>
<td title='tests.LoginTest.beforeMethod()'><b>beforeMethod</b><br>Test class: tests.LoginTest</td>
<td></td>
<td>-1642656103</td>
<td>tests.LoginTest@386f0da3</td></tr>
<tr>
<td title='tests.LoginTest.beforeMethod()'><b>beforeMethod</b><br>Test class: tests.LoginTest</td>
<td></td>
<td>-1642656103</td>
<td>tests.LoginTest@386f0da3</td></tr>
<tr>
<td title='tests.LoginTest.afterMethod()'><b>afterMethod</b><br>Test class: tests.LoginTest</td>
<td></td>
<td>-1642656103</td>
<td>tests.LoginTest@386f0da3</td></tr>
<tr>
<td title='tests.LoginTest.afterMethod()'><b>afterMethod</b><br>Test class: tests.LoginTest</td>
<td></td>
<td>-1642656103</td>
<td>tests.LoginTest@386f0da3</td></tr>
<tr>
<td title='tests.LoginTest.afterMethod()'><b>afterMethod</b><br>Test class: tests.LoginTest</td>
<td></td>
<td>-1642656103</td>
<td>tests.LoginTest@386f0da3</td></tr>
<tr>
<td title='tests.LoginTest.afterMethod()'><b>afterMethod</b><br>Test class: tests.LoginTest</td>
<td></td>
<td>-1642656103</td>
<td>tests.LoginTest@386f0da3</td></tr>
</table><p>
<table width='100%' border='1' class='invocation-skipped'>
<tr><td colspan='4' align='center'><b>SKIPPED TESTS</b></td></tr>
<tr><td><b>Test method</b></td>
<td width="30%"><b>Exception</b></td>
<td width="10%"><b>Time (seconds)</b></td>
<td><b>Instance</b></td>
</tr>
<tr>
<td title='tests.LoginTest.loginWithEmptyPasswordTest()'><b>loginWithEmptyPasswordTest</b><br>Test class: tests.LoginTest</td>
<td><div><pre>org.openqa.selenium.WebDriverException: Reached error page: about:neterror?e=dnsNotFound&amp;u=https%3A//auth.scotiaonline.scotiabank.com/online%3Foauth_key%3De9WfVK8HUWM%26oauth_key_signature%3DeyJraWQiOiJrUFVqdlNhT25GWUVDakpjMmV1MXJvNGxnb2VFeXJJb2tCbU1oX3BiZXNVIiwidHlwIjoiSldUIiwiYWxnIjoiUlMyNTYifQ.eyJyZWZlcmVyIjoiaHR0cHM6XC9cL3d3dy5zY290aWFiYW5rLmNvbVwvIiwib2F1dGhfa2V5IjoiZTlXZlZLOEhVV00iLCJjb25zZW50X3JlcXVpcmVkIjpmYWxzZSwicmVkaXJlY3RfdXJpIjoiaHR0cHM6XC9cL3d3dy5zY290aWFvbmxpbmUuc2NvdGlhYmFuay5jb21cL29ubGluZVwvbGFuZGluZ1wvb2F1dGhsYW5kaW5nLmJucyIsImV4cCI6MTYzNjMyMzY4MSwiaWF0IjoxNjM2MzIyNDgxLCJqdGkiOiI0M2E5MTQ1ZC1jOGFkLTQ5YTctOTFjNS0zZTUxZTUwNWNlZDYiLCJjbGllbnRfaWQiOiI4ZWU5MGMzOS0xYzUyLTRmZjQtOGFlNi1hN2I1NGM1Mzk5MzMiLCJjbGllbnRfbWV0YWRhdGEiOnsiQ2hhbm5lbElEIjoiU09MIiwiQXBwbGljYXRpb25Db2RlIjoiSDcifSwiaXNzdWVyIjoiaHR0cHM6XC9cL3Bhc3Nwb3J0LnNjb3RpYWJhbmsuY29tIn0.EJ1xv5FS-bAY_R3nEIknaORrkGWF9FoadC82xeP0UxPao1MaxSG6b9sIhwERplc1cYvrgIIAshK41HMbxTWyqRU7lmcmFGzM7G9xaVK7RTRk_wWkWapSa0kXEiZdG3Oc_e-_HhxUbLyVeLnv5B_dDaJLgG1-7-ZlPsBEvRfv-81i4sAqPkPt136xzVfA1DPIP8T--JG8Kx5pxIiwtW2TUyZrEoFxH3fVmLm4VWFTuTEpX8WinRLksSsUi_7PXZUrG8I_o7JeM6e4PPBabb3fCfh-saSivYeDDNkZ-mPwu6ZO1MBU5QGKevCM4sCs2Vuwkr7eSGKe6a7c0SW7SZZFiw%26preferred_environment%3D&amp;c=UTF-8&amp;d=We%20can%E2%80%99t%20connect%20to%20the%20server%20at%20auth.scotiaonline.scotiabank.com.
Build info: version: &apos;3.141.59&apos;, revision: &apos;e82be7d358&apos;, time: &apos;2018-11-14T08:25:53&apos;
System info: host: &apos;DESKTOP-BKUHS3U&apos;, ip: &apos;127.0.0.1&apos;, os.name: &apos;Windows 10&apos;, os.arch: &apos;amd64&apos;, os.version: &apos;10.0&apos;, java.version: &apos;15.0.1&apos;
Driver info: org.openqa.selenium.firefox.FirefoxDriver
Capabilities {acceptInsecureCerts: true, browserName: firefox, browserVersion: 96.0.1, javascriptEnabled: true, moz:accessibilityChecks: false, moz:buildID: 20220113185450, moz:geckodriverVersion: 0.30.0, moz:headless: false, moz:processID: 20768, moz:profile: C:\Users\Mayra\AppData\Loca..., moz:shutdownTimeout: 60000, moz:useNonSpecCompliantPointerOrigin: false, moz:webdriverClick: true, pageLoadStrategy: normal, platform: WINDOWS, platformName: WINDOWS, platformVersion: 10.0, proxy: Proxy(), setWindowRect: true, strictFileInteractability: false, timeouts: {implicit: 0, pageLoad: 300000, script: 30000}, unhandledPromptBehavior: dismiss and notify}
Session ID: 84062899-e69a-497b-9721-e81231cdae12
	at java.base/jdk.internal.reflect.NativeConstructorAccessorImpl.newInstance0(Native Method)
	at java.base/jdk.internal.reflect.NativeConstructorAccessorImpl.newInstance(NativeConstructorAccessorImpl.java:64)
	at java.base/jdk.internal.reflect.DelegatingConstructorAccessorImpl.newInstance(DelegatingConstructorAccessorImpl.java:45)
	at java.base/java.lang.reflect.Constructor.newInstanceWithCaller(Constructor.java:500)
	at java.base/java.lang.reflect.Constructor.newInstance(Constructor.java:481)
	at org.openqa.selenium.remote.http.W3CHttpResponseCodec.createException(W3CHttpResponseCodec.java:187)
	at org.openqa.selenium.remote.http.W3CHttpResponseCodec.decode(W3CHttpResponseCodec.java:122)
	at org.openqa.selenium.remote.http.W3CHttpResponseCodec.decode(W3CHttpResponseCodec.java:49)
	at org.openqa.selenium.remote.HttpCommandExecutor.execute(HttpCommandExecutor.java:158)
	at org.openqa.selenium.remote.service.DriverCommandExecutor.execute(DriverCommandExecutor.java:83)
	at org.openqa.selenium.remote.RemoteWebDriver.execute(RemoteWebDriver.java:552)
	at org.openqa.selenium.remote.RemoteWebDriver.get(RemoteWebDriver.java:277)
	at pages.LoginPage.openLoginPage(LoginPage.java:62)
	at tests.LoginTest.beforeMethod(LoginTest.java:25)
	at java.base/jdk.internal.reflect.NativeMethodAccessorImpl.invoke0(Native Method)
	at java.base/jdk.internal.reflect.NativeMethodAccessorImpl.invoke(NativeMethodAccessorImpl.java:64)
	at java.base/jdk.internal.reflect.DelegatingMethodAccessorImpl.invoke(DelegatingMethodAccessorImpl.java:43)
	at java.base/java.lang.reflect.Method.invoke(Method.java:564)
	at org.testng.internal.MethodInvocationHelper.invokeMethod(MethodInvocationHelper.java:133)
	at org.testng.internal.MethodInvocationHelper.invokeMethodConsideringTimeout(MethodInvocationHelper.java:62)
	at org.testng.internal.ConfigInvoker.invokeConfigurationMethod(ConfigInvoker.java:385)
	at org.testng.internal.ConfigInvoker.invokeConfigurations(ConfigInvoker.java:321)
	at org.testng.internal.TestInvoker.runConfigMethods(TestInvoker.java:700)
	at org.testng.internal.TestInvoker.invokeMethod(TestInvoker.java:527)
	at org.testng.internal.TestInvoker.invokeTestMethod(TestInvoker.java:173)
	at org.testng.internal.MethodRunner.runInSequence(MethodRunner.java:46)
	at org.testng.internal.TestInvoker$MethodInvocationAgent.invoke(TestInvoker.java:824)
	at org.testng.internal.TestInvoker.invokeTestMethods(TestInvoker.java:146)
	at org.testng.internal.TestMethodWorker.invokeTestMethods(TestMethodWorker.java:146)
	at org.testng.internal.TestMethodWorker.run(TestMethodWorker.java:128)
	at java.base/java.util.ArrayList.forEach(ArrayList.java:1511)
	at org.testng.TestRunner.privateRun(TestRunner.java:794)
	at org.testng.TestRunner.run(TestRunner.java:596)
	at org.testng.SuiteRunner.runTest(SuiteRunner.java:377)
	at org.testng.SuiteRunner.runSequentially(SuiteRunner.java:371)
	at org.testng.SuiteRunner.privateRun(SuiteRunner.java:332)
	at org.testng.SuiteRunner.run(SuiteRunner.java:276)
	at org.testng.SuiteRunnerWorker.runSuite(SuiteRunnerWorker.java:53)
	at org.testng.SuiteRunnerWorker.run(SuiteRunnerWorker.java:96)
	at org.testng.TestNG.runSuitesSequentially(TestNG.java:1212)
	at org.testng.TestNG.runSuitesLocally(TestNG.java:1134)
	at org.testng.TestNG.runSuites(TestNG.java:1063)
	at org.testng.TestNG.run(TestNG.java:1031)
	at org.testng.remote.AbstractRemoteTestNG.run(AbstractRemoteTestNG.java:115)
	at org.testng.remote.RemoteTestNG.initAndRun(RemoteTestNG.java:251)
	at org.testng.remote.RemoteTestNG.main(RemoteTestNG.java:77)
</pre></div><a href='#' onClick='toggleBox("stack-trace234857227", this, "Click to show all stack frames", "Click to hide stack frames")'>Click to show all stack frames</a>
<div class='stack-trace' id='stack-trace234857227'><pre>org.openqa.selenium.WebDriverException: Reached error page: about:neterror?e=dnsNotFound&amp;u=https%3A//auth.scotiaonline.scotiabank.com/online%3Foauth_key%3De9WfVK8HUWM%26oauth_key_signature%3DeyJraWQiOiJrUFVqdlNhT25GWUVDakpjMmV1MXJvNGxnb2VFeXJJb2tCbU1oX3BiZXNVIiwidHlwIjoiSldUIiwiYWxnIjoiUlMyNTYifQ.eyJyZWZlcmVyIjoiaHR0cHM6XC9cL3d3dy5zY290aWFiYW5rLmNvbVwvIiwib2F1dGhfa2V5IjoiZTlXZlZLOEhVV00iLCJjb25zZW50X3JlcXVpcmVkIjpmYWxzZSwicmVkaXJlY3RfdXJpIjoiaHR0cHM6XC9cL3d3dy5zY290aWFvbmxpbmUuc2NvdGlhYmFuay5jb21cL29ubGluZVwvbGFuZGluZ1wvb2F1dGhsYW5kaW5nLmJucyIsImV4cCI6MTYzNjMyMzY4MSwiaWF0IjoxNjM2MzIyNDgxLCJqdGkiOiI0M2E5MTQ1ZC1jOGFkLTQ5YTctOTFjNS0zZTUxZTUwNWNlZDYiLCJjbGllbnRfaWQiOiI4ZWU5MGMzOS0xYzUyLTRmZjQtOGFlNi1hN2I1NGM1Mzk5MzMiLCJjbGllbnRfbWV0YWRhdGEiOnsiQ2hhbm5lbElEIjoiU09MIiwiQXBwbGljYXRpb25Db2RlIjoiSDcifSwiaXNzdWVyIjoiaHR0cHM6XC9cL3Bhc3Nwb3J0LnNjb3RpYWJhbmsuY29tIn0.EJ1xv5FS-bAY_R3nEIknaORrkGWF9FoadC82xeP0UxPao1MaxSG6b9sIhwERplc1cYvrgIIAshK41HMbxTWyqRU7lmcmFGzM7G9xaVK7RTRk_wWkWapSa0kXEiZdG3Oc_e-_HhxUbLyVeLnv5B_dDaJLgG1-7-ZlPsBEvRfv-81i4sAqPkPt136xzVfA1DPIP8T--JG8Kx5pxIiwtW2TUyZrEoFxH3fVmLm4VWFTuTEpX8WinRLksSsUi_7PXZUrG8I_o7JeM6e4PPBabb3fCfh-saSivYeDDNkZ-mPwu6ZO1MBU5QGKevCM4sCs2Vuwkr7eSGKe6a7c0SW7SZZFiw%26preferred_environment%3D&amp;c=UTF-8&amp;d=We%20can%E2%80%99t%20connect%20to%20the%20server%20at%20auth.scotiaonline.scotiabank.com.
Build info: version: &apos;3.141.59&apos;, revision: &apos;e82be7d358&apos;, time: &apos;2018-11-14T08:25:53&apos;
System info: host: &apos;DESKTOP-BKUHS3U&apos;, ip: &apos;127.0.0.1&apos;, os.name: &apos;Windows 10&apos;, os.arch: &apos;amd64&apos;, os.version: &apos;10.0&apos;, java.version: &apos;15.0.1&apos;
Driver info: org.openqa.selenium.firefox.FirefoxDriver
Capabilities {acceptInsecureCerts: true, browserName: firefox, browserVersion: 96.0.1, javascriptEnabled: true, moz:accessibilityChecks: false, moz:buildID: 20220113185450, moz:geckodriverVersion: 0.30.0, moz:headless: false, moz:processID: 20768, moz:profile: C:\Users\Mayra\AppData\Loca..., moz:shutdownTimeout: 60000, moz:useNonSpecCompliantPointerOrigin: false, moz:webdriverClick: true, pageLoadStrategy: normal, platform: WINDOWS, platformName: WINDOWS, platformVersion: 10.0, proxy: Proxy(), setWindowRect: true, strictFileInteractability: false, timeouts: {implicit: 0, pageLoad: 300000, script: 30000}, unhandledPromptBehavior: dismiss and notify}
Session ID: 84062899-e69a-497b-9721-e81231cdae12
	at java.base/jdk.internal.reflect.NativeConstructorAccessorImpl.newInstance0(Native Method)
	at java.base/jdk.internal.reflect.NativeConstructorAccessorImpl.newInstance(NativeConstructorAccessorImpl.java:64)
	at java.base/jdk.internal.reflect.DelegatingConstructorAccessorImpl.newInstance(DelegatingConstructorAccessorImpl.java:45)
	at java.base/java.lang.reflect.Constructor.newInstanceWithCaller(Constructor.java:500)
	at java.base/java.lang.reflect.Constructor.newInstance(Constructor.java:481)
	at org.openqa.selenium.remote.http.W3CHttpResponseCodec.createException(W3CHttpResponseCodec.java:187)
	at org.openqa.selenium.remote.http.W3CHttpResponseCodec.decode(W3CHttpResponseCodec.java:122)
	at org.openqa.selenium.remote.http.W3CHttpResponseCodec.decode(W3CHttpResponseCodec.java:49)
	at org.openqa.selenium.remote.HttpCommandExecutor.execute(HttpCommandExecutor.java:158)
	at org.openqa.selenium.remote.service.DriverCommandExecutor.execute(DriverCommandExecutor.java:83)
	at org.openqa.selenium.remote.RemoteWebDriver.execute(RemoteWebDriver.java:552)
	at org.openqa.selenium.remote.RemoteWebDriver.get(RemoteWebDriver.java:277)
	at pages.LoginPage.openLoginPage(LoginPage.java:62)
	at tests.LoginTest.beforeMethod(LoginTest.java:25)
	at java.base/jdk.internal.reflect.NativeMethodAccessorImpl.invoke0(Native Method)
	at java.base/jdk.internal.reflect.NativeMethodAccessorImpl.invoke(NativeMethodAccessorImpl.java:64)
	at java.base/jdk.internal.reflect.DelegatingMethodAccessorImpl.invoke(DelegatingMethodAccessorImpl.java:43)
	at java.base/java.lang.reflect.Method.invoke(Method.java:564)
	at org.testng.internal.MethodInvocationHelper.invokeMethod(MethodInvocationHelper.java:133)
	at org.testng.internal.MethodInvocationHelper.invokeMethodConsideringTimeout(MethodInvocationHelper.java:62)
	at org.testng.internal.ConfigInvoker.invokeConfigurationMethod(ConfigInvoker.java:385)
	at org.testng.internal.ConfigInvoker.invokeConfigurations(ConfigInvoker.java:321)
	at org.testng.internal.TestInvoker.runConfigMethods(TestInvoker.java:700)
	at org.testng.internal.TestInvoker.invokeMethod(TestInvoker.java:527)
	at org.testng.internal.TestInvoker.invokeTestMethod(TestInvoker.java:173)
	at org.testng.internal.MethodRunner.runInSequence(MethodRunner.java:46)
	at org.testng.internal.TestInvoker$MethodInvocationAgent.invoke(TestInvoker.java:824)
	at org.testng.internal.TestInvoker.invokeTestMethods(TestInvoker.java:146)
	at org.testng.internal.TestMethodWorker.invokeTestMethods(TestMethodWorker.java:146)
	at org.testng.internal.TestMethodWorker.run(TestMethodWorker.java:128)
	at java.base/java.util.ArrayList.forEach(ArrayList.java:1511)
	at org.testng.TestRunner.privateRun(TestRunner.java:794)
	at org.testng.TestRunner.run(TestRunner.java:596)
	at org.testng.SuiteRunner.runTest(SuiteRunner.java:377)
	at org.testng.SuiteRunner.runSequentially(SuiteRunner.java:371)
	at org.testng.SuiteRunner.privateRun(SuiteRunner.java:332)
	at org.testng.SuiteRunner.run(SuiteRunner.java:276)
	at org.testng.SuiteRunnerWorker.runSuite(SuiteRunnerWorker.java:53)
	at org.testng.SuiteRunnerWorker.run(SuiteRunnerWorker.java:96)
	at org.testng.TestNG.runSuitesSequentially(TestNG.java:1212)
	at org.testng.TestNG.runSuitesLocally(TestNG.java:1134)
	at org.testng.TestNG.runSuites(TestNG.java:1063)
	at org.testng.TestNG.run(TestNG.java:1031)
	at org.testng.remote.AbstractRemoteTestNG.run(AbstractRemoteTestNG.java:115)
	at org.testng.remote.RemoteTestNG.initAndRun(RemoteTestNG.java:251)
	at org.testng.remote.RemoteTestNG.main(RemoteTestNG.java:77)
</pre></div></td>
<td>0</td>
<td>tests.LoginTest@386f0da3</td></tr>
<tr>
<td title='tests.LoginTest.loginwithWrongEmailAndPasswordTest()'><b>loginwithWrongEmailAndPasswordTest</b><br>Test class: tests.LoginTest</td>
<td><div><pre>org.openqa.selenium.WebDriverException: Reached error page: about:neterror?e=dnsNotFound&amp;u=https%3A//auth.scotiaonline.scotiabank.com/online%3Foauth_key%3De9WfVK8HUWM%26oauth_key_signature%3DeyJraWQiOiJrUFVqdlNhT25GWUVDakpjMmV1MXJvNGxnb2VFeXJJb2tCbU1oX3BiZXNVIiwidHlwIjoiSldUIiwiYWxnIjoiUlMyNTYifQ.eyJyZWZlcmVyIjoiaHR0cHM6XC9cL3d3dy5zY290aWFiYW5rLmNvbVwvIiwib2F1dGhfa2V5IjoiZTlXZlZLOEhVV00iLCJjb25zZW50X3JlcXVpcmVkIjpmYWxzZSwicmVkaXJlY3RfdXJpIjoiaHR0cHM6XC9cL3d3dy5zY290aWFvbmxpbmUuc2NvdGlhYmFuay5jb21cL29ubGluZVwvbGFuZGluZ1wvb2F1dGhsYW5kaW5nLmJucyIsImV4cCI6MTYzNjMyMzY4MSwiaWF0IjoxNjM2MzIyNDgxLCJqdGkiOiI0M2E5MTQ1ZC1jOGFkLTQ5YTctOTFjNS0zZTUxZTUwNWNlZDYiLCJjbGllbnRfaWQiOiI4ZWU5MGMzOS0xYzUyLTRmZjQtOGFlNi1hN2I1NGM1Mzk5MzMiLCJjbGllbnRfbWV0YWRhdGEiOnsiQ2hhbm5lbElEIjoiU09MIiwiQXBwbGljYXRpb25Db2RlIjoiSDcifSwiaXNzdWVyIjoiaHR0cHM6XC9cL3Bhc3Nwb3J0LnNjb3RpYWJhbmsuY29tIn0.EJ1xv5FS-bAY_R3nEIknaORrkGWF9FoadC82xeP0UxPao1MaxSG6b9sIhwERplc1cYvrgIIAshK41HMbxTWyqRU7lmcmFGzM7G9xaVK7RTRk_wWkWapSa0kXEiZdG3Oc_e-_HhxUbLyVeLnv5B_dDaJLgG1-7-ZlPsBEvRfv-81i4sAqPkPt136xzVfA1DPIP8T--JG8Kx5pxIiwtW2TUyZrEoFxH3fVmLm4VWFTuTEpX8WinRLksSsUi_7PXZUrG8I_o7JeM6e4PPBabb3fCfh-saSivYeDDNkZ-mPwu6ZO1MBU5QGKevCM4sCs2Vuwkr7eSGKe6a7c0SW7SZZFiw%26preferred_environment%3D&amp;c=UTF-8&amp;d=We%20can%E2%80%99t%20connect%20to%20the%20server%20at%20auth.scotiaonline.scotiabank.com.
Build info: version: &apos;3.141.59&apos;, revision: &apos;e82be7d358&apos;, time: &apos;2018-11-14T08:25:53&apos;
System info: host: &apos;DESKTOP-BKUHS3U&apos;, ip: &apos;127.0.0.1&apos;, os.name: &apos;Windows 10&apos;, os.arch: &apos;amd64&apos;, os.version: &apos;10.0&apos;, java.version: &apos;15.0.1&apos;
Driver info: org.openqa.selenium.firefox.FirefoxDriver
Capabilities {acceptInsecureCerts: true, browserName: firefox, browserVersion: 96.0.1, javascriptEnabled: true, moz:accessibilityChecks: false, moz:buildID: 20220113185450, moz:geckodriverVersion: 0.30.0, moz:headless: false, moz:processID: 20768, moz:profile: C:\Users\Mayra\AppData\Loca..., moz:shutdownTimeout: 60000, moz:useNonSpecCompliantPointerOrigin: false, moz:webdriverClick: true, pageLoadStrategy: normal, platform: WINDOWS, platformName: WINDOWS, platformVersion: 10.0, proxy: Proxy(), setWindowRect: true, strictFileInteractability: false, timeouts: {implicit: 0, pageLoad: 300000, script: 30000}, unhandledPromptBehavior: dismiss and notify}
Session ID: 84062899-e69a-497b-9721-e81231cdae12
	at java.base/jdk.internal.reflect.NativeConstructorAccessorImpl.newInstance0(Native Method)
	at java.base/jdk.internal.reflect.NativeConstructorAccessorImpl.newInstance(NativeConstructorAccessorImpl.java:64)
	at java.base/jdk.internal.reflect.DelegatingConstructorAccessorImpl.newInstance(DelegatingConstructorAccessorImpl.java:45)
	at java.base/java.lang.reflect.Constructor.newInstanceWithCaller(Constructor.java:500)
	at java.base/java.lang.reflect.Constructor.newInstance(Constructor.java:481)
	at org.openqa.selenium.remote.http.W3CHttpResponseCodec.createException(W3CHttpResponseCodec.java:187)
	at org.openqa.selenium.remote.http.W3CHttpResponseCodec.decode(W3CHttpResponseCodec.java:122)
	at org.openqa.selenium.remote.http.W3CHttpResponseCodec.decode(W3CHttpResponseCodec.java:49)
	at org.openqa.selenium.remote.HttpCommandExecutor.execute(HttpCommandExecutor.java:158)
	at org.openqa.selenium.remote.service.DriverCommandExecutor.execute(DriverCommandExecutor.java:83)
	at org.openqa.selenium.remote.RemoteWebDriver.execute(RemoteWebDriver.java:552)
	at org.openqa.selenium.remote.RemoteWebDriver.get(RemoteWebDriver.java:277)
	at pages.LoginPage.openLoginPage(LoginPage.java:62)
	at tests.LoginTest.beforeMethod(LoginTest.java:25)
	at java.base/jdk.internal.reflect.NativeMethodAccessorImpl.invoke0(Native Method)
	at java.base/jdk.internal.reflect.NativeMethodAccessorImpl.invoke(NativeMethodAccessorImpl.java:64)
	at java.base/jdk.internal.reflect.DelegatingMethodAccessorImpl.invoke(DelegatingMethodAccessorImpl.java:43)
	at java.base/java.lang.reflect.Method.invoke(Method.java:564)
	at org.testng.internal.MethodInvocationHelper.invokeMethod(MethodInvocationHelper.java:133)
	at org.testng.internal.MethodInvocationHelper.invokeMethodConsideringTimeout(MethodInvocationHelper.java:62)
	at org.testng.internal.ConfigInvoker.invokeConfigurationMethod(ConfigInvoker.java:385)
	at org.testng.internal.ConfigInvoker.invokeConfigurations(ConfigInvoker.java:321)
	at org.testng.internal.TestInvoker.runConfigMethods(TestInvoker.java:700)
	at org.testng.internal.TestInvoker.invokeMethod(TestInvoker.java:527)
	at org.testng.internal.TestInvoker.invokeTestMethod(TestInvoker.java:173)
	at org.testng.internal.MethodRunner.runInSequence(MethodRunner.java:46)
	at org.testng.internal.TestInvoker$MethodInvocationAgent.invoke(TestInvoker.java:824)
	at org.testng.internal.TestInvoker.invokeTestMethods(TestInvoker.java:146)
	at org.testng.internal.TestMethodWorker.invokeTestMethods(TestMethodWorker.java:146)
	at org.testng.internal.TestMethodWorker.run(TestMethodWorker.java:128)
	at java.base/java.util.ArrayList.forEach(ArrayList.java:1511)
	at org.testng.TestRunner.privateRun(TestRunner.java:794)
	at org.testng.TestRunner.run(TestRunner.java:596)
	at org.testng.SuiteRunner.runTest(SuiteRunner.java:377)
	at org.testng.SuiteRunner.runSequentially(SuiteRunner.java:371)
	at org.testng.SuiteRunner.privateRun(SuiteRunner.java:332)
	at org.testng.SuiteRunner.run(SuiteRunner.java:276)
	at org.testng.SuiteRunnerWorker.runSuite(SuiteRunnerWorker.java:53)
	at org.testng.SuiteRunnerWorker.run(SuiteRunnerWorker.java:96)
	at org.testng.TestNG.runSuitesSequentially(TestNG.java:1212)
	at org.testng.TestNG.runSuitesLocally(TestNG.java:1134)
	at org.testng.TestNG.runSuites(TestNG.java:1063)
	at org.testng.TestNG.run(TestNG.java:1031)
	at org.testng.remote.AbstractRemoteTestNG.run(AbstractRemoteTestNG.java:115)
	at org.testng.remote.RemoteTestNG.initAndRun(RemoteTestNG.java:251)
	at org.testng.remote.RemoteTestNG.main(RemoteTestNG.java:77)
</pre></div><a href='#' onClick='toggleBox("stack-trace1455064947", this, "Click to show all stack frames", "Click to hide stack frames")'>Click to show all stack frames</a>
<div class='stack-trace' id='stack-trace1455064947'><pre>org.openqa.selenium.WebDriverException: Reached error page: about:neterror?e=dnsNotFound&amp;u=https%3A//auth.scotiaonline.scotiabank.com/online%3Foauth_key%3De9WfVK8HUWM%26oauth_key_signature%3DeyJraWQiOiJrUFVqdlNhT25GWUVDakpjMmV1MXJvNGxnb2VFeXJJb2tCbU1oX3BiZXNVIiwidHlwIjoiSldUIiwiYWxnIjoiUlMyNTYifQ.eyJyZWZlcmVyIjoiaHR0cHM6XC9cL3d3dy5zY290aWFiYW5rLmNvbVwvIiwib2F1dGhfa2V5IjoiZTlXZlZLOEhVV00iLCJjb25zZW50X3JlcXVpcmVkIjpmYWxzZSwicmVkaXJlY3RfdXJpIjoiaHR0cHM6XC9cL3d3dy5zY290aWFvbmxpbmUuc2NvdGlhYmFuay5jb21cL29ubGluZVwvbGFuZGluZ1wvb2F1dGhsYW5kaW5nLmJucyIsImV4cCI6MTYzNjMyMzY4MSwiaWF0IjoxNjM2MzIyNDgxLCJqdGkiOiI0M2E5MTQ1ZC1jOGFkLTQ5YTctOTFjNS0zZTUxZTUwNWNlZDYiLCJjbGllbnRfaWQiOiI4ZWU5MGMzOS0xYzUyLTRmZjQtOGFlNi1hN2I1NGM1Mzk5MzMiLCJjbGllbnRfbWV0YWRhdGEiOnsiQ2hhbm5lbElEIjoiU09MIiwiQXBwbGljYXRpb25Db2RlIjoiSDcifSwiaXNzdWVyIjoiaHR0cHM6XC9cL3Bhc3Nwb3J0LnNjb3RpYWJhbmsuY29tIn0.EJ1xv5FS-bAY_R3nEIknaORrkGWF9FoadC82xeP0UxPao1MaxSG6b9sIhwERplc1cYvrgIIAshK41HMbxTWyqRU7lmcmFGzM7G9xaVK7RTRk_wWkWapSa0kXEiZdG3Oc_e-_HhxUbLyVeLnv5B_dDaJLgG1-7-ZlPsBEvRfv-81i4sAqPkPt136xzVfA1DPIP8T--JG8Kx5pxIiwtW2TUyZrEoFxH3fVmLm4VWFTuTEpX8WinRLksSsUi_7PXZUrG8I_o7JeM6e4PPBabb3fCfh-saSivYeDDNkZ-mPwu6ZO1MBU5QGKevCM4sCs2Vuwkr7eSGKe6a7c0SW7SZZFiw%26preferred_environment%3D&amp;c=UTF-8&amp;d=We%20can%E2%80%99t%20connect%20to%20the%20server%20at%20auth.scotiaonline.scotiabank.com.
Build info: version: &apos;3.141.59&apos;, revision: &apos;e82be7d358&apos;, time: &apos;2018-11-14T08:25:53&apos;
System info: host: &apos;DESKTOP-BKUHS3U&apos;, ip: &apos;127.0.0.1&apos;, os.name: &apos;Windows 10&apos;, os.arch: &apos;amd64&apos;, os.version: &apos;10.0&apos;, java.version: &apos;15.0.1&apos;
Driver info: org.openqa.selenium.firefox.FirefoxDriver
Capabilities {acceptInsecureCerts: true, browserName: firefox, browserVersion: 96.0.1, javascriptEnabled: true, moz:accessibilityChecks: false, moz:buildID: 20220113185450, moz:geckodriverVersion: 0.30.0, moz:headless: false, moz:processID: 20768, moz:profile: C:\Users\Mayra\AppData\Loca..., moz:shutdownTimeout: 60000, moz:useNonSpecCompliantPointerOrigin: false, moz:webdriverClick: true, pageLoadStrategy: normal, platform: WINDOWS, platformName: WINDOWS, platformVersion: 10.0, proxy: Proxy(), setWindowRect: true, strictFileInteractability: false, timeouts: {implicit: 0, pageLoad: 300000, script: 30000}, unhandledPromptBehavior: dismiss and notify}
Session ID: 84062899-e69a-497b-9721-e81231cdae12
	at java.base/jdk.internal.reflect.NativeConstructorAccessorImpl.newInstance0(Native Method)
	at java.base/jdk.internal.reflect.NativeConstructorAccessorImpl.newInstance(NativeConstructorAccessorImpl.java:64)
	at java.base/jdk.internal.reflect.DelegatingConstructorAccessorImpl.newInstance(DelegatingConstructorAccessorImpl.java:45)
	at java.base/java.lang.reflect.Constructor.newInstanceWithCaller(Constructor.java:500)
	at java.base/java.lang.reflect.Constructor.newInstance(Constructor.java:481)
	at org.openqa.selenium.remote.http.W3CHttpResponseCodec.createException(W3CHttpResponseCodec.java:187)
	at org.openqa.selenium.remote.http.W3CHttpResponseCodec.decode(W3CHttpResponseCodec.java:122)
	at org.openqa.selenium.remote.http.W3CHttpResponseCodec.decode(W3CHttpResponseCodec.java:49)
	at org.openqa.selenium.remote.HttpCommandExecutor.execute(HttpCommandExecutor.java:158)
	at org.openqa.selenium.remote.service.DriverCommandExecutor.execute(DriverCommandExecutor.java:83)
	at org.openqa.selenium.remote.RemoteWebDriver.execute(RemoteWebDriver.java:552)
	at org.openqa.selenium.remote.RemoteWebDriver.get(RemoteWebDriver.java:277)
	at pages.LoginPage.openLoginPage(LoginPage.java:62)
	at tests.LoginTest.beforeMethod(LoginTest.java:25)
	at java.base/jdk.internal.reflect.NativeMethodAccessorImpl.invoke0(Native Method)
	at java.base/jdk.internal.reflect.NativeMethodAccessorImpl.invoke(NativeMethodAccessorImpl.java:64)
	at java.base/jdk.internal.reflect.DelegatingMethodAccessorImpl.invoke(DelegatingMethodAccessorImpl.java:43)
	at java.base/java.lang.reflect.Method.invoke(Method.java:564)
	at org.testng.internal.MethodInvocationHelper.invokeMethod(MethodInvocationHelper.java:133)
	at org.testng.internal.MethodInvocationHelper.invokeMethodConsideringTimeout(MethodInvocationHelper.java:62)
	at org.testng.internal.ConfigInvoker.invokeConfigurationMethod(ConfigInvoker.java:385)
	at org.testng.internal.ConfigInvoker.invokeConfigurations(ConfigInvoker.java:321)
	at org.testng.internal.TestInvoker.runConfigMethods(TestInvoker.java:700)
	at org.testng.internal.TestInvoker.invokeMethod(TestInvoker.java:527)
	at org.testng.internal.TestInvoker.invokeTestMethod(TestInvoker.java:173)
	at org.testng.internal.MethodRunner.runInSequence(MethodRunner.java:46)
	at org.testng.internal.TestInvoker$MethodInvocationAgent.invoke(TestInvoker.java:824)
	at org.testng.internal.TestInvoker.invokeTestMethods(TestInvoker.java:146)
	at org.testng.internal.TestMethodWorker.invokeTestMethods(TestMethodWorker.java:146)
	at org.testng.internal.TestMethodWorker.run(TestMethodWorker.java:128)
	at java.base/java.util.ArrayList.forEach(ArrayList.java:1511)
	at org.testng.TestRunner.privateRun(TestRunner.java:794)
	at org.testng.TestRunner.run(TestRunner.java:596)
	at org.testng.SuiteRunner.runTest(SuiteRunner.java:377)
	at org.testng.SuiteRunner.runSequentially(SuiteRunner.java:371)
	at org.testng.SuiteRunner.privateRun(SuiteRunner.java:332)
	at org.testng.SuiteRunner.run(SuiteRunner.java:276)
	at org.testng.SuiteRunnerWorker.runSuite(SuiteRunnerWorker.java:53)
	at org.testng.SuiteRunnerWorker.run(SuiteRunnerWorker.java:96)
	at org.testng.TestNG.runSuitesSequentially(TestNG.java:1212)
	at org.testng.TestNG.runSuitesLocally(TestNG.java:1134)
	at org.testng.TestNG.runSuites(TestNG.java:1063)
	at org.testng.TestNG.run(TestNG.java:1031)
	at org.testng.remote.AbstractRemoteTestNG.run(AbstractRemoteTestNG.java:115)
	at org.testng.remote.RemoteTestNG.initAndRun(RemoteTestNG.java:251)
	at org.testng.remote.RemoteTestNG.main(RemoteTestNG.java:77)
</pre></div></td>
<td>0</td>
<td>tests.LoginTest@386f0da3</td></tr>
<tr>
<td title='tests.LoginTest.loginEmailWithSpecialCharTest()'><b>loginEmailWithSpecialCharTest</b><br>Test class: tests.LoginTest</td>
<td><div><pre>org.openqa.selenium.WebDriverException: Reached error page: about:neterror?e=dnsNotFound&amp;u=https%3A//auth.scotiaonline.scotiabank.com/online%3Foauth_key%3De9WfVK8HUWM%26oauth_key_signature%3DeyJraWQiOiJrUFVqdlNhT25GWUVDakpjMmV1MXJvNGxnb2VFeXJJb2tCbU1oX3BiZXNVIiwidHlwIjoiSldUIiwiYWxnIjoiUlMyNTYifQ.eyJyZWZlcmVyIjoiaHR0cHM6XC9cL3d3dy5zY290aWFiYW5rLmNvbVwvIiwib2F1dGhfa2V5IjoiZTlXZlZLOEhVV00iLCJjb25zZW50X3JlcXVpcmVkIjpmYWxzZSwicmVkaXJlY3RfdXJpIjoiaHR0cHM6XC9cL3d3dy5zY290aWFvbmxpbmUuc2NvdGlhYmFuay5jb21cL29ubGluZVwvbGFuZGluZ1wvb2F1dGhsYW5kaW5nLmJucyIsImV4cCI6MTYzNjMyMzY4MSwiaWF0IjoxNjM2MzIyNDgxLCJqdGkiOiI0M2E5MTQ1ZC1jOGFkLTQ5YTctOTFjNS0zZTUxZTUwNWNlZDYiLCJjbGllbnRfaWQiOiI4ZWU5MGMzOS0xYzUyLTRmZjQtOGFlNi1hN2I1NGM1Mzk5MzMiLCJjbGllbnRfbWV0YWRhdGEiOnsiQ2hhbm5lbElEIjoiU09MIiwiQXBwbGljYXRpb25Db2RlIjoiSDcifSwiaXNzdWVyIjoiaHR0cHM6XC9cL3Bhc3Nwb3J0LnNjb3RpYWJhbmsuY29tIn0.EJ1xv5FS-bAY_R3nEIknaORrkGWF9FoadC82xeP0UxPao1MaxSG6b9sIhwERplc1cYvrgIIAshK41HMbxTWyqRU7lmcmFGzM7G9xaVK7RTRk_wWkWapSa0kXEiZdG3Oc_e-_HhxUbLyVeLnv5B_dDaJLgG1-7-ZlPsBEvRfv-81i4sAqPkPt136xzVfA1DPIP8T--JG8Kx5pxIiwtW2TUyZrEoFxH3fVmLm4VWFTuTEpX8WinRLksSsUi_7PXZUrG8I_o7JeM6e4PPBabb3fCfh-saSivYeDDNkZ-mPwu6ZO1MBU5QGKevCM4sCs2Vuwkr7eSGKe6a7c0SW7SZZFiw%26preferred_environment%3D&amp;c=UTF-8&amp;d=We%20can%E2%80%99t%20connect%20to%20the%20server%20at%20auth.scotiaonline.scotiabank.com.
Build info: version: &apos;3.141.59&apos;, revision: &apos;e82be7d358&apos;, time: &apos;2018-11-14T08:25:53&apos;
System info: host: &apos;DESKTOP-BKUHS3U&apos;, ip: &apos;127.0.0.1&apos;, os.name: &apos;Windows 10&apos;, os.arch: &apos;amd64&apos;, os.version: &apos;10.0&apos;, java.version: &apos;15.0.1&apos;
Driver info: org.openqa.selenium.firefox.FirefoxDriver
Capabilities {acceptInsecureCerts: true, browserName: firefox, browserVersion: 96.0.1, javascriptEnabled: true, moz:accessibilityChecks: false, moz:buildID: 20220113185450, moz:geckodriverVersion: 0.30.0, moz:headless: false, moz:processID: 20768, moz:profile: C:\Users\Mayra\AppData\Loca..., moz:shutdownTimeout: 60000, moz:useNonSpecCompliantPointerOrigin: false, moz:webdriverClick: true, pageLoadStrategy: normal, platform: WINDOWS, platformName: WINDOWS, platformVersion: 10.0, proxy: Proxy(), setWindowRect: true, strictFileInteractability: false, timeouts: {implicit: 0, pageLoad: 300000, script: 30000}, unhandledPromptBehavior: dismiss and notify}
Session ID: 84062899-e69a-497b-9721-e81231cdae12
	at java.base/jdk.internal.reflect.NativeConstructorAccessorImpl.newInstance0(Native Method)
	at java.base/jdk.internal.reflect.NativeConstructorAccessorImpl.newInstance(NativeConstructorAccessorImpl.java:64)
	at java.base/jdk.internal.reflect.DelegatingConstructorAccessorImpl.newInstance(DelegatingConstructorAccessorImpl.java:45)
	at java.base/java.lang.reflect.Constructor.newInstanceWithCaller(Constructor.java:500)
	at java.base/java.lang.reflect.Constructor.newInstance(Constructor.java:481)
	at org.openqa.selenium.remote.http.W3CHttpResponseCodec.createException(W3CHttpResponseCodec.java:187)
	at org.openqa.selenium.remote.http.W3CHttpResponseCodec.decode(W3CHttpResponseCodec.java:122)
	at org.openqa.selenium.remote.http.W3CHttpResponseCodec.decode(W3CHttpResponseCodec.java:49)
	at org.openqa.selenium.remote.HttpCommandExecutor.execute(HttpCommandExecutor.java:158)
	at org.openqa.selenium.remote.service.DriverCommandExecutor.execute(DriverCommandExecutor.java:83)
	at org.openqa.selenium.remote.RemoteWebDriver.execute(RemoteWebDriver.java:552)
	at org.openqa.selenium.remote.RemoteWebDriver.get(RemoteWebDriver.java:277)
	at pages.LoginPage.openLoginPage(LoginPage.java:62)
	at tests.LoginTest.beforeMethod(LoginTest.java:25)
	at java.base/jdk.internal.reflect.NativeMethodAccessorImpl.invoke0(Native Method)
	at java.base/jdk.internal.reflect.NativeMethodAccessorImpl.invoke(NativeMethodAccessorImpl.java:64)
	at java.base/jdk.internal.reflect.DelegatingMethodAccessorImpl.invoke(DelegatingMethodAccessorImpl.java:43)
	at java.base/java.lang.reflect.Method.invoke(Method.java:564)
	at org.testng.internal.MethodInvocationHelper.invokeMethod(MethodInvocationHelper.java:133)
	at org.testng.internal.MethodInvocationHelper.invokeMethodConsideringTimeout(MethodInvocationHelper.java:62)
	at org.testng.internal.ConfigInvoker.invokeConfigurationMethod(ConfigInvoker.java:385)
	at org.testng.internal.ConfigInvoker.invokeConfigurations(ConfigInvoker.java:321)
	at org.testng.internal.TestInvoker.runConfigMethods(TestInvoker.java:700)
	at org.testng.internal.TestInvoker.invokeMethod(TestInvoker.java:527)
	at org.testng.internal.TestInvoker.invokeTestMethod(TestInvoker.java:173)
	at org.testng.internal.MethodRunner.runInSequence(MethodRunner.java:46)
	at org.testng.internal.TestInvoker$MethodInvocationAgent.invoke(TestInvoker.java:824)
	at org.testng.internal.TestInvoker.invokeTestMethods(TestInvoker.java:146)
	at org.testng.internal.TestMethodWorker.invokeTestMethods(TestMethodWorker.java:146)
	at org.testng.internal.TestMethodWorker.run(TestMethodWorker.java:128)
	at java.base/java.util.ArrayList.forEach(ArrayList.java:1511)
	at org.testng.TestRunner.privateRun(TestRunner.java:794)
	at org.testng.TestRunner.run(TestRunner.java:596)
	at org.testng.SuiteRunner.runTest(SuiteRunner.java:377)
	at org.testng.SuiteRunner.runSequentially(SuiteRunner.java:371)
	at org.testng.SuiteRunner.privateRun(SuiteRunner.java:332)
	at org.testng.SuiteRunner.run(SuiteRunner.java:276)
	at org.testng.SuiteRunnerWorker.runSuite(SuiteRunnerWorker.java:53)
	at org.testng.SuiteRunnerWorker.run(SuiteRunnerWorker.java:96)
	at org.testng.TestNG.runSuitesSequentially(TestNG.java:1212)
	at org.testng.TestNG.runSuitesLocally(TestNG.java:1134)
	at org.testng.TestNG.runSuites(TestNG.java:1063)
	at org.testng.TestNG.run(TestNG.java:1031)
	at org.testng.remote.AbstractRemoteTestNG.run(AbstractRemoteTestNG.java:115)
	at org.testng.remote.RemoteTestNG.initAndRun(RemoteTestNG.java:251)
	at org.testng.remote.RemoteTestNG.main(RemoteTestNG.java:77)
</pre></div><a href='#' onClick='toggleBox("stack-trace1800959603", this, "Click to show all stack frames", "Click to hide stack frames")'>Click to show all stack frames</a>
<div class='stack-trace' id='stack-trace1800959603'><pre>org.openqa.selenium.WebDriverException: Reached error page: about:neterror?e=dnsNotFound&amp;u=https%3A//auth.scotiaonline.scotiabank.com/online%3Foauth_key%3De9WfVK8HUWM%26oauth_key_signature%3DeyJraWQiOiJrUFVqdlNhT25GWUVDakpjMmV1MXJvNGxnb2VFeXJJb2tCbU1oX3BiZXNVIiwidHlwIjoiSldUIiwiYWxnIjoiUlMyNTYifQ.eyJyZWZlcmVyIjoiaHR0cHM6XC9cL3d3dy5zY290aWFiYW5rLmNvbVwvIiwib2F1dGhfa2V5IjoiZTlXZlZLOEhVV00iLCJjb25zZW50X3JlcXVpcmVkIjpmYWxzZSwicmVkaXJlY3RfdXJpIjoiaHR0cHM6XC9cL3d3dy5zY290aWFvbmxpbmUuc2NvdGlhYmFuay5jb21cL29ubGluZVwvbGFuZGluZ1wvb2F1dGhsYW5kaW5nLmJucyIsImV4cCI6MTYzNjMyMzY4MSwiaWF0IjoxNjM2MzIyNDgxLCJqdGkiOiI0M2E5MTQ1ZC1jOGFkLTQ5YTctOTFjNS0zZTUxZTUwNWNlZDYiLCJjbGllbnRfaWQiOiI4ZWU5MGMzOS0xYzUyLTRmZjQtOGFlNi1hN2I1NGM1Mzk5MzMiLCJjbGllbnRfbWV0YWRhdGEiOnsiQ2hhbm5lbElEIjoiU09MIiwiQXBwbGljYXRpb25Db2RlIjoiSDcifSwiaXNzdWVyIjoiaHR0cHM6XC9cL3Bhc3Nwb3J0LnNjb3RpYWJhbmsuY29tIn0.EJ1xv5FS-bAY_R3nEIknaORrkGWF9FoadC82xeP0UxPao1MaxSG6b9sIhwERplc1cYvrgIIAshK41HMbxTWyqRU7lmcmFGzM7G9xaVK7RTRk_wWkWapSa0kXEiZdG3Oc_e-_HhxUbLyVeLnv5B_dDaJLgG1-7-ZlPsBEvRfv-81i4sAqPkPt136xzVfA1DPIP8T--JG8Kx5pxIiwtW2TUyZrEoFxH3fVmLm4VWFTuTEpX8WinRLksSsUi_7PXZUrG8I_o7JeM6e4PPBabb3fCfh-saSivYeDDNkZ-mPwu6ZO1MBU5QGKevCM4sCs2Vuwkr7eSGKe6a7c0SW7SZZFiw%26preferred_environment%3D&amp;c=UTF-8&amp;d=We%20can%E2%80%99t%20connect%20to%20the%20server%20at%20auth.scotiaonline.scotiabank.com.
Build info: version: &apos;3.141.59&apos;, revision: &apos;e82be7d358&apos;, time: &apos;2018-11-14T08:25:53&apos;
System info: host: &apos;DESKTOP-BKUHS3U&apos;, ip: &apos;127.0.0.1&apos;, os.name: &apos;Windows 10&apos;, os.arch: &apos;amd64&apos;, os.version: &apos;10.0&apos;, java.version: &apos;15.0.1&apos;
Driver info: org.openqa.selenium.firefox.FirefoxDriver
Capabilities {acceptInsecureCerts: true, browserName: firefox, browserVersion: 96.0.1, javascriptEnabled: true, moz:accessibilityChecks: false, moz:buildID: 20220113185450, moz:geckodriverVersion: 0.30.0, moz:headless: false, moz:processID: 20768, moz:profile: C:\Users\Mayra\AppData\Loca..., moz:shutdownTimeout: 60000, moz:useNonSpecCompliantPointerOrigin: false, moz:webdriverClick: true, pageLoadStrategy: normal, platform: WINDOWS, platformName: WINDOWS, platformVersion: 10.0, proxy: Proxy(), setWindowRect: true, strictFileInteractability: false, timeouts: {implicit: 0, pageLoad: 300000, script: 30000}, unhandledPromptBehavior: dismiss and notify}
Session ID: 84062899-e69a-497b-9721-e81231cdae12
	at java.base/jdk.internal.reflect.NativeConstructorAccessorImpl.newInstance0(Native Method)
	at java.base/jdk.internal.reflect.NativeConstructorAccessorImpl.newInstance(NativeConstructorAccessorImpl.java:64)
	at java.base/jdk.internal.reflect.DelegatingConstructorAccessorImpl.newInstance(DelegatingConstructorAccessorImpl.java:45)
	at java.base/java.lang.reflect.Constructor.newInstanceWithCaller(Constructor.java:500)
	at java.base/java.lang.reflect.Constructor.newInstance(Constructor.java:481)
	at org.openqa.selenium.remote.http.W3CHttpResponseCodec.createException(W3CHttpResponseCodec.java:187)
	at org.openqa.selenium.remote.http.W3CHttpResponseCodec.decode(W3CHttpResponseCodec.java:122)
	at org.openqa.selenium.remote.http.W3CHttpResponseCodec.decode(W3CHttpResponseCodec.java:49)
	at org.openqa.selenium.remote.HttpCommandExecutor.execute(HttpCommandExecutor.java:158)
	at org.openqa.selenium.remote.service.DriverCommandExecutor.execute(DriverCommandExecutor.java:83)
	at org.openqa.selenium.remote.RemoteWebDriver.execute(RemoteWebDriver.java:552)
	at org.openqa.selenium.remote.RemoteWebDriver.get(RemoteWebDriver.java:277)
	at pages.LoginPage.openLoginPage(LoginPage.java:62)
	at tests.LoginTest.beforeMethod(LoginTest.java:25)
	at java.base/jdk.internal.reflect.NativeMethodAccessorImpl.invoke0(Native Method)
	at java.base/jdk.internal.reflect.NativeMethodAccessorImpl.invoke(NativeMethodAccessorImpl.java:64)
	at java.base/jdk.internal.reflect.DelegatingMethodAccessorImpl.invoke(DelegatingMethodAccessorImpl.java:43)
	at java.base/java.lang.reflect.Method.invoke(Method.java:564)
	at org.testng.internal.MethodInvocationHelper.invokeMethod(MethodInvocationHelper.java:133)
	at org.testng.internal.MethodInvocationHelper.invokeMethodConsideringTimeout(MethodInvocationHelper.java:62)
	at org.testng.internal.ConfigInvoker.invokeConfigurationMethod(ConfigInvoker.java:385)
	at org.testng.internal.ConfigInvoker.invokeConfigurations(ConfigInvoker.java:321)
	at org.testng.internal.TestInvoker.runConfigMethods(TestInvoker.java:700)
	at org.testng.internal.TestInvoker.invokeMethod(TestInvoker.java:527)
	at org.testng.internal.TestInvoker.invokeTestMethod(TestInvoker.java:173)
	at org.testng.internal.MethodRunner.runInSequence(MethodRunner.java:46)
	at org.testng.internal.TestInvoker$MethodInvocationAgent.invoke(TestInvoker.java:824)
	at org.testng.internal.TestInvoker.invokeTestMethods(TestInvoker.java:146)
	at org.testng.internal.TestMethodWorker.invokeTestMethods(TestMethodWorker.java:146)
	at org.testng.internal.TestMethodWorker.run(TestMethodWorker.java:128)
	at java.base/java.util.ArrayList.forEach(ArrayList.java:1511)
	at org.testng.TestRunner.privateRun(TestRunner.java:794)
	at org.testng.TestRunner.run(TestRunner.java:596)
	at org.testng.SuiteRunner.runTest(SuiteRunner.java:377)
	at org.testng.SuiteRunner.runSequentially(SuiteRunner.java:371)
	at org.testng.SuiteRunner.privateRun(SuiteRunner.java:332)
	at org.testng.SuiteRunner.run(SuiteRunner.java:276)
	at org.testng.SuiteRunnerWorker.runSuite(SuiteRunnerWorker.java:53)
	at org.testng.SuiteRunnerWorker.run(SuiteRunnerWorker.java:96)
	at org.testng.TestNG.runSuitesSequentially(TestNG.java:1212)
	at org.testng.TestNG.runSuitesLocally(TestNG.java:1134)
	at org.testng.TestNG.runSuites(TestNG.java:1063)
	at org.testng.TestNG.run(TestNG.java:1031)
	at org.testng.remote.AbstractRemoteTestNG.run(AbstractRemoteTestNG.java:115)
	at org.testng.remote.RemoteTestNG.initAndRun(RemoteTestNG.java:251)
	at org.testng.remote.RemoteTestNG.main(RemoteTestNG.java:77)
</pre></div></td>
<td>0</td>
<td>tests.LoginTest@386f0da3</td></tr>
<tr>
<td title='tests.LoginTest.loginWithEmptyEmailTest()'><b>loginWithEmptyEmailTest</b><br>Test class: tests.LoginTest</td>
<td><div><pre>org.openqa.selenium.WebDriverException: Reached error page: about:neterror?e=dnsNotFound&amp;u=https%3A//auth.scotiaonline.scotiabank.com/online%3Foauth_key%3De9WfVK8HUWM%26oauth_key_signature%3DeyJraWQiOiJrUFVqdlNhT25GWUVDakpjMmV1MXJvNGxnb2VFeXJJb2tCbU1oX3BiZXNVIiwidHlwIjoiSldUIiwiYWxnIjoiUlMyNTYifQ.eyJyZWZlcmVyIjoiaHR0cHM6XC9cL3d3dy5zY290aWFiYW5rLmNvbVwvIiwib2F1dGhfa2V5IjoiZTlXZlZLOEhVV00iLCJjb25zZW50X3JlcXVpcmVkIjpmYWxzZSwicmVkaXJlY3RfdXJpIjoiaHR0cHM6XC9cL3d3dy5zY290aWFvbmxpbmUuc2NvdGlhYmFuay5jb21cL29ubGluZVwvbGFuZGluZ1wvb2F1dGhsYW5kaW5nLmJucyIsImV4cCI6MTYzNjMyMzY4MSwiaWF0IjoxNjM2MzIyNDgxLCJqdGkiOiI0M2E5MTQ1ZC1jOGFkLTQ5YTctOTFjNS0zZTUxZTUwNWNlZDYiLCJjbGllbnRfaWQiOiI4ZWU5MGMzOS0xYzUyLTRmZjQtOGFlNi1hN2I1NGM1Mzk5MzMiLCJjbGllbnRfbWV0YWRhdGEiOnsiQ2hhbm5lbElEIjoiU09MIiwiQXBwbGljYXRpb25Db2RlIjoiSDcifSwiaXNzdWVyIjoiaHR0cHM6XC9cL3Bhc3Nwb3J0LnNjb3RpYWJhbmsuY29tIn0.EJ1xv5FS-bAY_R3nEIknaORrkGWF9FoadC82xeP0UxPao1MaxSG6b9sIhwERplc1cYvrgIIAshK41HMbxTWyqRU7lmcmFGzM7G9xaVK7RTRk_wWkWapSa0kXEiZdG3Oc_e-_HhxUbLyVeLnv5B_dDaJLgG1-7-ZlPsBEvRfv-81i4sAqPkPt136xzVfA1DPIP8T--JG8Kx5pxIiwtW2TUyZrEoFxH3fVmLm4VWFTuTEpX8WinRLksSsUi_7PXZUrG8I_o7JeM6e4PPBabb3fCfh-saSivYeDDNkZ-mPwu6ZO1MBU5QGKevCM4sCs2Vuwkr7eSGKe6a7c0SW7SZZFiw%26preferred_environment%3D&amp;c=UTF-8&amp;d=We%20can%E2%80%99t%20connect%20to%20the%20server%20at%20auth.scotiaonline.scotiabank.com.
Build info: version: &apos;3.141.59&apos;, revision: &apos;e82be7d358&apos;, time: &apos;2018-11-14T08:25:53&apos;
System info: host: &apos;DESKTOP-BKUHS3U&apos;, ip: &apos;127.0.0.1&apos;, os.name: &apos;Windows 10&apos;, os.arch: &apos;amd64&apos;, os.version: &apos;10.0&apos;, java.version: &apos;15.0.1&apos;
Driver info: org.openqa.selenium.firefox.FirefoxDriver
Capabilities {acceptInsecureCerts: true, browserName: firefox, browserVersion: 96.0.1, javascriptEnabled: true, moz:accessibilityChecks: false, moz:buildID: 20220113185450, moz:geckodriverVersion: 0.30.0, moz:headless: false, moz:processID: 20768, moz:profile: C:\Users\Mayra\AppData\Loca..., moz:shutdownTimeout: 60000, moz:useNonSpecCompliantPointerOrigin: false, moz:webdriverClick: true, pageLoadStrategy: normal, platform: WINDOWS, platformName: WINDOWS, platformVersion: 10.0, proxy: Proxy(), setWindowRect: true, strictFileInteractability: false, timeouts: {implicit: 0, pageLoad: 300000, script: 30000}, unhandledPromptBehavior: dismiss and notify}
Session ID: 84062899-e69a-497b-9721-e81231cdae12
	at java.base/jdk.internal.reflect.NativeConstructorAccessorImpl.newInstance0(Native Method)
	at java.base/jdk.internal.reflect.NativeConstructorAccessorImpl.newInstance(NativeConstructorAccessorImpl.java:64)
	at java.base/jdk.internal.reflect.DelegatingConstructorAccessorImpl.newInstance(DelegatingConstructorAccessorImpl.java:45)
	at java.base/java.lang.reflect.Constructor.newInstanceWithCaller(Constructor.java:500)
	at java.base/java.lang.reflect.Constructor.newInstance(Constructor.java:481)
	at org.openqa.selenium.remote.http.W3CHttpResponseCodec.createException(W3CHttpResponseCodec.java:187)
	at org.openqa.selenium.remote.http.W3CHttpResponseCodec.decode(W3CHttpResponseCodec.java:122)
	at org.openqa.selenium.remote.http.W3CHttpResponseCodec.decode(W3CHttpResponseCodec.java:49)
	at org.openqa.selenium.remote.HttpCommandExecutor.execute(HttpCommandExecutor.java:158)
	at org.openqa.selenium.remote.service.DriverCommandExecutor.execute(DriverCommandExecutor.java:83)
	at org.openqa.selenium.remote.RemoteWebDriver.execute(RemoteWebDriver.java:552)
	at org.openqa.selenium.remote.RemoteWebDriver.get(RemoteWebDriver.java:277)
	at pages.LoginPage.openLoginPage(LoginPage.java:62)
	at tests.LoginTest.beforeMethod(LoginTest.java:25)
	at java.base/jdk.internal.reflect.NativeMethodAccessorImpl.invoke0(Native Method)
	at java.base/jdk.internal.reflect.NativeMethodAccessorImpl.invoke(NativeMethodAccessorImpl.java:64)
	at java.base/jdk.internal.reflect.DelegatingMethodAccessorImpl.invoke(DelegatingMethodAccessorImpl.java:43)
	at java.base/java.lang.reflect.Method.invoke(Method.java:564)
	at org.testng.internal.MethodInvocationHelper.invokeMethod(MethodInvocationHelper.java:133)
	at org.testng.internal.MethodInvocationHelper.invokeMethodConsideringTimeout(MethodInvocationHelper.java:62)
	at org.testng.internal.ConfigInvoker.invokeConfigurationMethod(ConfigInvoker.java:385)
	at org.testng.internal.ConfigInvoker.invokeConfigurations(ConfigInvoker.java:321)
	at org.testng.internal.TestInvoker.runConfigMethods(TestInvoker.java:700)
	at org.testng.internal.TestInvoker.invokeMethod(TestInvoker.java:527)
	at org.testng.internal.TestInvoker.invokeTestMethod(TestInvoker.java:173)
	at org.testng.internal.MethodRunner.runInSequence(MethodRunner.java:46)
	at org.testng.internal.TestInvoker$MethodInvocationAgent.invoke(TestInvoker.java:824)
	at org.testng.internal.TestInvoker.invokeTestMethods(TestInvoker.java:146)
	at org.testng.internal.TestMethodWorker.invokeTestMethods(TestMethodWorker.java:146)
	at org.testng.internal.TestMethodWorker.run(TestMethodWorker.java:128)
	at java.base/java.util.ArrayList.forEach(ArrayList.java:1511)
	at org.testng.TestRunner.privateRun(TestRunner.java:794)
	at org.testng.TestRunner.run(TestRunner.java:596)
	at org.testng.SuiteRunner.runTest(SuiteRunner.java:377)
	at org.testng.SuiteRunner.runSequentially(SuiteRunner.java:371)
	at org.testng.SuiteRunner.privateRun(SuiteRunner.java:332)
	at org.testng.SuiteRunner.run(SuiteRunner.java:276)
	at org.testng.SuiteRunnerWorker.runSuite(SuiteRunnerWorker.java:53)
	at org.testng.SuiteRunnerWorker.run(SuiteRunnerWorker.java:96)
	at org.testng.TestNG.runSuitesSequentially(TestNG.java:1212)
	at org.testng.TestNG.runSuitesLocally(TestNG.java:1134)
	at org.testng.TestNG.runSuites(TestNG.java:1063)
	at org.testng.TestNG.run(TestNG.java:1031)
	at org.testng.remote.AbstractRemoteTestNG.run(AbstractRemoteTestNG.java:115)
	at org.testng.remote.RemoteTestNG.initAndRun(RemoteTestNG.java:251)
	at org.testng.remote.RemoteTestNG.main(RemoteTestNG.java:77)
</pre></div><a href='#' onClick='toggleBox("stack-trace1285072597", this, "Click to show all stack frames", "Click to hide stack frames")'>Click to show all stack frames</a>
<div class='stack-trace' id='stack-trace1285072597'><pre>org.openqa.selenium.WebDriverException: Reached error page: about:neterror?e=dnsNotFound&amp;u=https%3A//auth.scotiaonline.scotiabank.com/online%3Foauth_key%3De9WfVK8HUWM%26oauth_key_signature%3DeyJraWQiOiJrUFVqdlNhT25GWUVDakpjMmV1MXJvNGxnb2VFeXJJb2tCbU1oX3BiZXNVIiwidHlwIjoiSldUIiwiYWxnIjoiUlMyNTYifQ.eyJyZWZlcmVyIjoiaHR0cHM6XC9cL3d3dy5zY290aWFiYW5rLmNvbVwvIiwib2F1dGhfa2V5IjoiZTlXZlZLOEhVV00iLCJjb25zZW50X3JlcXVpcmVkIjpmYWxzZSwicmVkaXJlY3RfdXJpIjoiaHR0cHM6XC9cL3d3dy5zY290aWFvbmxpbmUuc2NvdGlhYmFuay5jb21cL29ubGluZVwvbGFuZGluZ1wvb2F1dGhsYW5kaW5nLmJucyIsImV4cCI6MTYzNjMyMzY4MSwiaWF0IjoxNjM2MzIyNDgxLCJqdGkiOiI0M2E5MTQ1ZC1jOGFkLTQ5YTctOTFjNS0zZTUxZTUwNWNlZDYiLCJjbGllbnRfaWQiOiI4ZWU5MGMzOS0xYzUyLTRmZjQtOGFlNi1hN2I1NGM1Mzk5MzMiLCJjbGllbnRfbWV0YWRhdGEiOnsiQ2hhbm5lbElEIjoiU09MIiwiQXBwbGljYXRpb25Db2RlIjoiSDcifSwiaXNzdWVyIjoiaHR0cHM6XC9cL3Bhc3Nwb3J0LnNjb3RpYWJhbmsuY29tIn0.EJ1xv5FS-bAY_R3nEIknaORrkGWF9FoadC82xeP0UxPao1MaxSG6b9sIhwERplc1cYvrgIIAshK41HMbxTWyqRU7lmcmFGzM7G9xaVK7RTRk_wWkWapSa0kXEiZdG3Oc_e-_HhxUbLyVeLnv5B_dDaJLgG1-7-ZlPsBEvRfv-81i4sAqPkPt136xzVfA1DPIP8T--JG8Kx5pxIiwtW2TUyZrEoFxH3fVmLm4VWFTuTEpX8WinRLksSsUi_7PXZUrG8I_o7JeM6e4PPBabb3fCfh-saSivYeDDNkZ-mPwu6ZO1MBU5QGKevCM4sCs2Vuwkr7eSGKe6a7c0SW7SZZFiw%26preferred_environment%3D&amp;c=UTF-8&amp;d=We%20can%E2%80%99t%20connect%20to%20the%20server%20at%20auth.scotiaonline.scotiabank.com.
Build info: version: &apos;3.141.59&apos;, revision: &apos;e82be7d358&apos;, time: &apos;2018-11-14T08:25:53&apos;
System info: host: &apos;DESKTOP-BKUHS3U&apos;, ip: &apos;127.0.0.1&apos;, os.name: &apos;Windows 10&apos;, os.arch: &apos;amd64&apos;, os.version: &apos;10.0&apos;, java.version: &apos;15.0.1&apos;
Driver info: org.openqa.selenium.firefox.FirefoxDriver
Capabilities {acceptInsecureCerts: true, browserName: firefox, browserVersion: 96.0.1, javascriptEnabled: true, moz:accessibilityChecks: false, moz:buildID: 20220113185450, moz:geckodriverVersion: 0.30.0, moz:headless: false, moz:processID: 20768, moz:profile: C:\Users\Mayra\AppData\Loca..., moz:shutdownTimeout: 60000, moz:useNonSpecCompliantPointerOrigin: false, moz:webdriverClick: true, pageLoadStrategy: normal, platform: WINDOWS, platformName: WINDOWS, platformVersion: 10.0, proxy: Proxy(), setWindowRect: true, strictFileInteractability: false, timeouts: {implicit: 0, pageLoad: 300000, script: 30000}, unhandledPromptBehavior: dismiss and notify}
Session ID: 84062899-e69a-497b-9721-e81231cdae12
	at java.base/jdk.internal.reflect.NativeConstructorAccessorImpl.newInstance0(Native Method)
	at java.base/jdk.internal.reflect.NativeConstructorAccessorImpl.newInstance(NativeConstructorAccessorImpl.java:64)
	at java.base/jdk.internal.reflect.DelegatingConstructorAccessorImpl.newInstance(DelegatingConstructorAccessorImpl.java:45)
	at java.base/java.lang.reflect.Constructor.newInstanceWithCaller(Constructor.java:500)
	at java.base/java.lang.reflect.Constructor.newInstance(Constructor.java:481)
	at org.openqa.selenium.remote.http.W3CHttpResponseCodec.createException(W3CHttpResponseCodec.java:187)
	at org.openqa.selenium.remote.http.W3CHttpResponseCodec.decode(W3CHttpResponseCodec.java:122)
	at org.openqa.selenium.remote.http.W3CHttpResponseCodec.decode(W3CHttpResponseCodec.java:49)
	at org.openqa.selenium.remote.HttpCommandExecutor.execute(HttpCommandExecutor.java:158)
	at org.openqa.selenium.remote.service.DriverCommandExecutor.execute(DriverCommandExecutor.java:83)
	at org.openqa.selenium.remote.RemoteWebDriver.execute(RemoteWebDriver.java:552)
	at org.openqa.selenium.remote.RemoteWebDriver.get(RemoteWebDriver.java:277)
	at pages.LoginPage.openLoginPage(LoginPage.java:62)
	at tests.LoginTest.beforeMethod(LoginTest.java:25)
	at java.base/jdk.internal.reflect.NativeMethodAccessorImpl.invoke0(Native Method)
	at java.base/jdk.internal.reflect.NativeMethodAccessorImpl.invoke(NativeMethodAccessorImpl.java:64)
	at java.base/jdk.internal.reflect.DelegatingMethodAccessorImpl.invoke(DelegatingMethodAccessorImpl.java:43)
	at java.base/java.lang.reflect.Method.invoke(Method.java:564)
	at org.testng.internal.MethodInvocationHelper.invokeMethod(MethodInvocationHelper.java:133)
	at org.testng.internal.MethodInvocationHelper.invokeMethodConsideringTimeout(MethodInvocationHelper.java:62)
	at org.testng.internal.ConfigInvoker.invokeConfigurationMethod(ConfigInvoker.java:385)
	at org.testng.internal.ConfigInvoker.invokeConfigurations(ConfigInvoker.java:321)
	at org.testng.internal.TestInvoker.runConfigMethods(TestInvoker.java:700)
	at org.testng.internal.TestInvoker.invokeMethod(TestInvoker.java:527)
	at org.testng.internal.TestInvoker.invokeTestMethod(TestInvoker.java:173)
	at org.testng.internal.MethodRunner.runInSequence(MethodRunner.java:46)
	at org.testng.internal.TestInvoker$MethodInvocationAgent.invoke(TestInvoker.java:824)
	at org.testng.internal.TestInvoker.invokeTestMethods(TestInvoker.java:146)
	at org.testng.internal.TestMethodWorker.invokeTestMethods(TestMethodWorker.java:146)
	at org.testng.internal.TestMethodWorker.run(TestMethodWorker.java:128)
	at java.base/java.util.ArrayList.forEach(ArrayList.java:1511)
	at org.testng.TestRunner.privateRun(TestRunner.java:794)
	at org.testng.TestRunner.run(TestRunner.java:596)
	at org.testng.SuiteRunner.runTest(SuiteRunner.java:377)
	at org.testng.SuiteRunner.runSequentially(SuiteRunner.java:371)
	at org.testng.SuiteRunner.privateRun(SuiteRunner.java:332)
	at org.testng.SuiteRunner.run(SuiteRunner.java:276)
	at org.testng.SuiteRunnerWorker.runSuite(SuiteRunnerWorker.java:53)
	at org.testng.SuiteRunnerWorker.run(SuiteRunnerWorker.java:96)
	at org.testng.TestNG.runSuitesSequentially(TestNG.java:1212)
	at org.testng.TestNG.runSuitesLocally(TestNG.java:1134)
	at org.testng.TestNG.runSuites(TestNG.java:1063)
	at org.testng.TestNG.run(TestNG.java:1031)
	at org.testng.remote.AbstractRemoteTestNG.run(AbstractRemoteTestNG.java:115)
	at org.testng.remote.RemoteTestNG.initAndRun(RemoteTestNG.java:251)
	at org.testng.remote.RemoteTestNG.main(RemoteTestNG.java:77)
</pre></div></td>
<td>0</td>
<td>tests.LoginTest@386f0da3</td></tr>
</table><p>
</body>
</html>