<?xml version="1.0" encoding="UTF-8"?>
<!-- Generated by org.testng.reporters.JUnitXMLReporter -->
<testsuite ignored="0" hostname="DESKTOP-BKUHS3U" failures="3" tests="4" name="Test" time="100.186" errors="0" timestamp="01 Jan 2022 21:17:31 GMT">
  <testcase classname="tests.LoginTest" name="loginwithWrongEmailAndPasswordTest" time="24.955">
    <failure type="org.openqa.selenium.NoSuchElementException" message="Unable to locate element: #globalError
For documentation on this error, please visit: https://www.seleniumhq.org/exceptions/no_such_element.html
Build info: version: &amp;apos;3.141.59&amp;apos;, revision: &amp;apos;e82be7d358&amp;apos;, time: &amp;apos;2018-11-14T08:25:53&amp;apos;
System info: host: &amp;apos;DESKTOP-BKUHS3U&amp;apos;, ip: &amp;apos;192.168.0.14&amp;apos;, os.name: &amp;apos;Windows 10&amp;apos;, os.arch: &amp;apos;amd64&amp;apos;, os.version: &amp;apos;10.0&amp;apos;, java.version: &amp;apos;14.0.2&amp;apos;
Driver info: org.openqa.selenium.firefox.FirefoxDriver
Capabilities {acceptInsecureCerts: true, browserName: firefox, browserVersion: 95.0.2, javascriptEnabled: true, moz:accessibilityChecks: false, moz:buildID: 20211218203254, moz:geckodriverVersion: 0.30.0, moz:headless: false, moz:processID: 21236, moz:profile: C:\Users\Mayra\AppData\Loca..., moz:shutdownTimeout: 60000, moz:useNonSpecCompliantPointerOrigin: false, moz:webdriverClick: true, pageLoadStrategy: normal, platform: WINDOWS, platformName: WINDOWS, platformVersion: 10.0, proxy: Proxy(), setWindowRect: true, strictFileInteractability: false, timeouts: {implicit: 0, pageLoad: 300000, script: 30000}, unhandledPromptBehavior: dismiss and notify}
Session ID: 08d8a13a-d3fd-4e96-9c49-6f7188a65a6f
*** Element info: {Using=id, value=globalError}">
      <![CDATA[org.openqa.selenium.NoSuchElementException: Unable to locate element: #globalError
For documentation on this error, please visit: https://www.seleniumhq.org/exceptions/no_such_element.html
Build info: version: '3.141.59', revision: 'e82be7d358', time: '2018-11-14T08:25:53'
System info: host: 'DESKTOP-BKUHS3U', ip: '192.168.0.14', os.name: 'Windows 10', os.arch: 'amd64', os.version: '10.0', java.version: '14.0.2'
Driver info: org.openqa.selenium.firefox.FirefoxDriver
Capabilities {acceptInsecureCerts: true, browserName: firefox, browserVersion: 95.0.2, javascriptEnabled: true, moz:accessibilityChecks: false, moz:buildID: 20211218203254, moz:geckodriverVersion: 0.30.0, moz:headless: false, moz:processID: 21236, moz:profile: C:\Users\Mayra\AppData\Loca..., moz:shutdownTimeout: 60000, moz:useNonSpecCompliantPointerOrigin: false, moz:webdriverClick: true, pageLoadStrategy: normal, platform: WINDOWS, platformName: WINDOWS, platformVersion: 10.0, proxy: Proxy(), setWindowRect: true, strictFileInteractability: false, timeouts: {implicit: 0, pageLoad: 300000, script: 30000}, unhandledPromptBehavior: dismiss and notify}
Session ID: 08d8a13a-d3fd-4e96-9c49-6f7188a65a6f
*** Element info: {Using=id, value=globalError}
at org.openqa.selenium.remote.http.W3CHttpResponseCodec.createException(W3CHttpResponseCodec.java:187)
at org.openqa.selenium.remote.http.W3CHttpResponseCodec.decode(W3CHttpResponseCodec.java:122)
at org.openqa.selenium.remote.http.W3CHttpResponseCodec.decode(W3CHttpResponseCodec.java:49)
at org.openqa.selenium.remote.HttpCommandExecutor.execute(HttpCommandExecutor.java:158)
at org.openqa.selenium.remote.service.DriverCommandExecutor.execute(DriverCommandExecutor.java:83)
at org.openqa.selenium.remote.RemoteWebDriver.execute(RemoteWebDriver.java:552)
at org.openqa.selenium.remote.RemoteWebDriver.findElement(RemoteWebDriver.java:323)
at org.openqa.selenium.remote.RemoteWebDriver.findElementById(RemoteWebDriver.java:372)
at org.openqa.selenium.By$ById.findElement(By.java:188)
at org.openqa.selenium.remote.RemoteWebDriver.findElement(RemoteWebDriver.java:315)
at org.openqa.selenium.support.pagefactory.DefaultElementLocator.findElement(DefaultElementLocator.java:69)
at org.openqa.selenium.support.pagefactory.internal.LocatingElementHandler.invoke(LocatingElementHandler.java:38)
at com.sun.proxy.$Proxy10.getText(Unknown Source)
at pages.LoginPage.readGlobalErr(LoginPage.java:80)
at tests.LoginTest.loginwithWrongEmailAndPasswordTest(LoginTest.java:40)
... Removed 29 stack frames]]>
    </failure>
  </testcase> <!-- loginwithWrongEmailAndPasswordTest -->
  <testcase classname="tests.LoginTest" name="loginWithEmptyEmailTest" time="5.171"/>
  <testcase classname="tests.LoginTest" name="loginWithEmptyPasswordTest" time="4.585">
    <failure type="java.lang.AssertionError" message="expected [Please enter your password.] but found [Please enter your username or card number.]">
      <![CDATA[java.lang.AssertionError: expected [Please enter your password.] but found [Please enter your username or card number.]
at tests.LoginTest.loginWithEmptyPasswordTest(LoginTest.java:60)
... Removed 30 stack frames]]>
    </failure>
  </testcase> <!-- loginWithEmptyPasswordTest -->
  <testcase classname="tests.LoginTest" name="loginEmailWithSpecialCharTest" time="5.115">
    <failure type="java.lang.AssertionError" message="expected [Please enter a username or card number without special characters.] but found [Please enter your username or card number.]">
      <![CDATA[java.lang.AssertionError: expected [Please enter a username or card number without special characters.] but found [Please enter your username or card number.]
at tests.LoginTest.loginEmailWithSpecialCharTest(LoginTest.java:73)
... Removed 30 stack frames]]>
    </failure>
  </testcase> <!-- loginEmailWithSpecialCharTest -->
</testsuite> <!-- Test -->
