<?xml version="1.0" encoding="UTF-8"?>
<!-- Generated by org.testng.reporters.JUnitReportReporter -->
<testsuite hostname="DESKTOP-BKUHS3U" failures="0" tests="5" name="tests.LoginTest" time="9.432" errors="1" timestamp="2022-01-20T00:21:43 EST" skipped="4">
  <testcase classname="tests.LoginTest" name="beforeMethod" time="9.432">
    <error message="Reached error page: about:neterror?e=dnsNotFound&amp;u=https%3A//auth.scotiaonline.scotiabank.com/online%3Foauth_key%3De9WfVK8HUWM%26oauth_key_signature%3DeyJraWQiOiJrUFVqdlNhT25GWUVDakpjMmV1MXJvNGxnb2VFeXJJb2tCbU1oX3BiZXNVIiwidHlwIjoiSldUIiwiYWxnIjoiUlMyNTYifQ.eyJyZWZlcmVyIjoiaHR0cHM6XC9cL3d3dy5zY290aWFiYW5rLmNvbVwvIiwib2F1dGhfa2V5IjoiZTlXZlZLOEhVV00iLCJjb25zZW50X3JlcXVpcmVkIjpmYWxzZSwicmVkaXJlY3RfdXJpIjoiaHR0cHM6XC9cL3d3dy5zY290aWFvbmxpbmUuc2NvdGlhYmFuay5jb21cL29ubGluZVwvbGFuZGluZ1wvb2F1dGhsYW5kaW5nLmJucyIsImV4cCI6MTYzNjMyMzY4MSwiaWF0IjoxNjM2MzIyNDgxLCJqdGkiOiI0M2E5MTQ1ZC1jOGFkLTQ5YTctOTFjNS0zZTUxZTUwNWNlZDYiLCJjbGllbnRfaWQiOiI4ZWU5MGMzOS0xYzUyLTRmZjQtOGFlNi1hN2I1NGM1Mzk5MzMiLCJjbGllbnRfbWV0YWRhdGEiOnsiQ2hhbm5lbElEIjoiU09MIiwiQXBwbGljYXRpb25Db2RlIjoiSDcifSwiaXNzdWVyIjoiaHR0cHM6XC9cL3Bhc3Nwb3J0LnNjb3RpYWJhbmsuY29tIn0.EJ1xv5FS-bAY_R3nEIknaORrkGWF9FoadC82xeP0UxPao1MaxSG6b9sIhwERplc1cYvrgIIAshK41HMbxTWyqRU7lmcmFGzM7G9xaVK7RTRk_wWkWapSa0kXEiZdG3Oc_e-_HhxUbLyVeLnv5B_dDaJLgG1-7-ZlPsBEvRfv-81i4sAqPkPt136xzVfA1DPIP8T--JG8Kx5pxIiwtW2TUyZrEoFxH3fVmLm4VWFTuTEpX8WinRLksSsUi_7PXZUrG8I_o7JeM6e4PPBabb3fCfh-saSivYeDDNkZ-mPwu6ZO1MBU5QGKevCM4sCs2Vuwkr7eSGKe6a7c0SW7SZZFiw%26preferred_environment%3D&amp;c=UTF-8&amp;d=We%20can%E2%80%99t%20connect%20to%20the%20server%20at%20auth.scotiaonline.scotiabank.com.
Build info: version: &#039;3.141.59&#039;, revision: &#039;e82be7d358&#039;, time: &#039;2018-11-14T08:25:53&#039;
System info: host: &#039;DESKTOP-BKUHS3U&#039;, ip: &#039;127.0.0.1&#039;, os.name: &#039;Windows 10&#039;, os.arch: &#039;amd64&#039;, os.version: &#039;10.0&#039;, java.version: &#039;15.0.1&#039;
Driver info: org.openqa.selenium.firefox.FirefoxDriver
Capabilities {acceptInsecureCerts: true, browserName: firefox, browserVersion: 96.0.1, javascriptEnabled: true, moz:accessibilityChecks: false, moz:buildID: 20220113185450, moz:geckodriverVersion: 0.30.0, moz:headless: false, moz:processID: 20768, moz:profile: C:\Users\Mayra\AppData\Loca..., moz:shutdownTimeout: 60000, moz:useNonSpecCompliantPointerOrigin: false, moz:webdriverClick: true, pageLoadStrategy: normal, platform: WINDOWS, platformName: WINDOWS, platformVersion: 10.0, proxy: Proxy(), setWindowRect: true, strictFileInteractability: false, timeouts: {implicit: 0, pageLoad: 300000, script: 30000}, unhandledPromptBehavior: dismiss and notify}
Session ID: 84062899-e69a-497b-9721-e81231cdae12" type="org.openqa.selenium.WebDriverException">
      <![CDATA[org.openqa.selenium.WebDriverException: Reached error page: about:neterror?e=dnsNotFound&u=https%3A//auth.scotiaonline.scotiabank.com/online%3Foauth_key%3De9WfVK8HUWM%26oauth_key_signature%3DeyJraWQiOiJrUFVqdlNhT25GWUVDakpjMmV1MXJvNGxnb2VFeXJJb2tCbU1oX3BiZXNVIiwidHlwIjoiSldUIiwiYWxnIjoiUlMyNTYifQ.eyJyZWZlcmVyIjoiaHR0cHM6XC9cL3d3dy5zY290aWFiYW5rLmNvbVwvIiwib2F1dGhfa2V5IjoiZTlXZlZLOEhVV00iLCJjb25zZW50X3JlcXVpcmVkIjpmYWxzZSwicmVkaXJlY3RfdXJpIjoiaHR0cHM6XC9cL3d3dy5zY290aWFvbmxpbmUuc2NvdGlhYmFuay5jb21cL29ubGluZVwvbGFuZGluZ1wvb2F1dGhsYW5kaW5nLmJucyIsImV4cCI6MTYzNjMyMzY4MSwiaWF0IjoxNjM2MzIyNDgxLCJqdGkiOiI0M2E5MTQ1ZC1jOGFkLTQ5YTctOTFjNS0zZTUxZTUwNWNlZDYiLCJjbGllbnRfaWQiOiI4ZWU5MGMzOS0xYzUyLTRmZjQtOGFlNi1hN2I1NGM1Mzk5MzMiLCJjbGllbnRfbWV0YWRhdGEiOnsiQ2hhbm5lbElEIjoiU09MIiwiQXBwbGljYXRpb25Db2RlIjoiSDcifSwiaXNzdWVyIjoiaHR0cHM6XC9cL3Bhc3Nwb3J0LnNjb3RpYWJhbmsuY29tIn0.EJ1xv5FS-bAY_R3nEIknaORrkGWF9FoadC82xeP0UxPao1MaxSG6b9sIhwERplc1cYvrgIIAshK41HMbxTWyqRU7lmcmFGzM7G9xaVK7RTRk_wWkWapSa0kXEiZdG3Oc_e-_HhxUbLyVeLnv5B_dDaJLgG1-7-ZlPsBEvRfv-81i4sAqPkPt136xzVfA1DPIP8T--JG8Kx5pxIiwtW2TUyZrEoFxH3fVmLm4VWFTuTEpX8WinRLksSsUi_7PXZUrG8I_o7JeM6e4PPBabb3fCfh-saSivYeDDNkZ-mPwu6ZO1MBU5QGKevCM4sCs2Vuwkr7eSGKe6a7c0SW7SZZFiw%26preferred_environment%3D&c=UTF-8&d=We%20can%E2%80%99t%20connect%20to%20the%20server%20at%20auth.scotiaonline.scotiabank.com.
Build info: version: '3.141.59', revision: 'e82be7d358', time: '2018-11-14T08:25:53'
System info: host: 'DESKTOP-BKUHS3U', ip: '127.0.0.1', os.name: 'Windows 10', os.arch: 'amd64', os.version: '10.0', java.version: '15.0.1'
Driver info: org.openqa.selenium.firefox.FirefoxDriver
Capabilities {acceptInsecureCerts: true, browserName: firefox, browserVersion: 96.0.1, javascriptEnabled: true, moz:accessibilityChecks: false, moz:buildID: 20220113185450, moz:geckodriverVersion: 0.30.0, moz:headless: false, moz:processID: 20768, moz:profile: C:\Users\Mayra\AppData\Loca..., moz:shutdownTimeout: 60000, moz:useNonSpecCompliantPointerOrigin: false, moz:webdriverClick: true, pageLoadStrategy: normal, platform: WINDOWS, platformName: WINDOWS, platformVersion: 10.0, proxy: Proxy(), setWindowRect: true, strictFileInteractability: false, timeouts: {implicit: 0, pageLoad: 300000, script: 30000}, unhandledPromptBehavior: dismiss and notify}
Session ID: 84062899-e69a-497b-9721-e81231cdae12
at java.base/jdk.internal.reflect.NativeConstructorAccessorImpl.newInstance0(Native Method)
at java.base/jdk.internal.reflect.NativeConstructorAccessorImpl.newInstance(NativeConstructorAccessorImpl.java:64)
at java.base/jdk.internal.reflect.DelegatingConstructorAccessorImpl.newInstance(DelegatingConstructorAccessorImpl.java:45)
at java.base/java.lang.reflect.Constructor.newInstanceWithCaller(Constructor.java:500)
at java.base/java.lang.reflect.Constructor.newInstance(Constructor.java:481)
at org.openqa.selenium.remote.http.W3CHttpResponseCodec.createException(W3CHttpResponseCodec.java:187)
at org.openqa.selenium.remote.http.W3CHttpResponseCodec.decode(W3CHttpResponseCodec.java:122)
at org.openqa.selenium.remote.http.W3CHttpResponseCodec.decode(W3CHttpResponseCodec.java:49)
at org.openqa.selenium.remote.HttpCommandExecutor.execute(HttpCommandExecutor.java:158)
at org.openqa.selenium.remote.service.DriverCommandExecutor.execute(DriverCommandExecutor.java:83)
at org.openqa.selenium.remote.RemoteWebDriver.execute(RemoteWebDriver.java:552)
at org.openqa.selenium.remote.RemoteWebDriver.get(RemoteWebDriver.java:277)
at pages.LoginPage.openLoginPage(LoginPage.java:62)
at tests.LoginTest.beforeMethod(LoginTest.java:25)
at java.base/jdk.internal.reflect.NativeMethodAccessorImpl.invoke0(Native Method)
at java.base/jdk.internal.reflect.NativeMethodAccessorImpl.invoke(NativeMethodAccessorImpl.java:64)
at java.base/jdk.internal.reflect.DelegatingMethodAccessorImpl.invoke(DelegatingMethodAccessorImpl.java:43)
at java.base/java.lang.reflect.Method.invoke(Method.java:564)
at org.testng.internal.MethodInvocationHelper.invokeMethod(MethodInvocationHelper.java:133)
at org.testng.internal.MethodInvocationHelper.invokeMethodConsideringTimeout(MethodInvocationHelper.java:62)
at org.testng.internal.ConfigInvoker.invokeConfigurationMethod(ConfigInvoker.java:385)
at org.testng.internal.ConfigInvoker.invokeConfigurations(ConfigInvoker.java:321)
at org.testng.internal.TestInvoker.runConfigMethods(TestInvoker.java:700)
at org.testng.internal.TestInvoker.invokeMethod(TestInvoker.java:527)
at org.testng.internal.TestInvoker.invokeTestMethod(TestInvoker.java:173)
at org.testng.internal.MethodRunner.runInSequence(MethodRunner.java:46)
at org.testng.internal.TestInvoker$MethodInvocationAgent.invoke(TestInvoker.java:824)
at org.testng.internal.TestInvoker.invokeTestMethods(TestInvoker.java:146)
at org.testng.internal.TestMethodWorker.invokeTestMethods(TestMethodWorker.java:146)
at org.testng.internal.TestMethodWorker.run(TestMethodWorker.java:128)
at java.base/java.util.ArrayList.forEach(ArrayList.java:1511)
at org.testng.TestRunner.privateRun(TestRunner.java:794)
at org.testng.TestRunner.run(TestRunner.java:596)
at org.testng.SuiteRunner.runTest(SuiteRunner.java:377)
at org.testng.SuiteRunner.runSequentially(SuiteRunner.java:371)
at org.testng.SuiteRunner.privateRun(SuiteRunner.java:332)
at org.testng.SuiteRunner.run(SuiteRunner.java:276)
at org.testng.SuiteRunnerWorker.runSuite(SuiteRunnerWorker.java:53)
at org.testng.SuiteRunnerWorker.run(SuiteRunnerWorker.java:96)
at org.testng.TestNG.runSuitesSequentially(TestNG.java:1212)
at org.testng.TestNG.runSuitesLocally(TestNG.java:1134)
at org.testng.TestNG.runSuites(TestNG.java:1063)
at org.testng.TestNG.run(TestNG.java:1031)
at org.testng.remote.AbstractRemoteTestNG.run(AbstractRemoteTestNG.java:115)
at org.testng.remote.RemoteTestNG.initAndRun(RemoteTestNG.java:251)
at org.testng.remote.RemoteTestNG.main(RemoteTestNG.java:77)
]]>
    </error>
  </testcase> <!-- beforeMethod -->
  <system-out/>
  <testcase classname="tests.LoginTest" name="loginwithWrongEmailAndPasswordTest" time="0.000">
    <skipped/>
  </testcase> <!-- loginwithWrongEmailAndPasswordTest -->
  <system-out/>
  <testcase classname="tests.LoginTest" name="loginWithEmptyEmailTest" time="0.000">
    <skipped/>
  </testcase> <!-- loginWithEmptyEmailTest -->
  <system-out/>
  <testcase classname="tests.LoginTest" name="loginWithEmptyPasswordTest" time="0.000">
    <skipped/>
  </testcase> <!-- loginWithEmptyPasswordTest -->
  <system-out/>
  <testcase classname="tests.LoginTest" name="loginEmailWithSpecialCharTest" time="0.000">
    <skipped/>
  </testcase> <!-- loginEmailWithSpecialCharTest -->
  <system-out/>
</testsuite> <!-- tests.LoginTest -->
